#
# There is insufficient memory for the Java Runtime Environment to continue.
# Native memory allocation (malloc) failed to allocate 1668176 bytes. Error detail: Chunk::new
# Possible reasons:
#   The system is out of physical RAM or swap space
#   This process is running with CompressedOops enabled, and the Java Heap may be blocking the growth of the native heap
# Possible solutions:
#   Reduce memory load on the system
#   Increase physical memory or swap space
#   Check if swap backing store is full
#   Decrease Java heap size (-Xmx/-Xms)
#   Decrease number of Java threads
#   Decrease Java thread stack sizes (-Xss)
#   Set larger code cache with -XX:ReservedCodeCacheSize=
#   JVM is running with Unscaled Compressed Oops mode in which the Java heap is
#     placed in the first 4GB address space. The Java Heap base address is the
#     maximum limit for the native heap growth. Please use -XX:HeapBaseMinAddress
#     to set the Java Heap base and to place the Java Heap above 4GB virtual address.
# This output file may be truncated or incomplete.
#
#  Out of Memory Error (arena.cpp:168), pid=21260, tid=20024
#
# JRE version: OpenJDK Runtime Environment Temurin-21.0.10+7 (21.0.10+7) (build 21.0.10+7-LTS)
# Java VM: OpenJDK 64-Bit Server VM Temurin-21.0.10+7 (21.0.10+7-LTS, mixed mode, sharing, tiered, compressed oops, compressed class ptrs, parallel gc, windows-amd64)
# No core dump will be written. Minidumps are not enabled by default on client versions of Windows
#

---------------  S U M M A R Y ------------

Command Line: --add-modules=ALL-SYSTEM --add-opens=java.base/java.util=ALL-UNNAMED --add-opens=java.base/java.lang=ALL-UNNAMED --add-opens=java.base/sun.nio.fs=ALL-UNNAMED -Declipse.application=org.eclipse.jdt.ls.core.id1 -Dosgi.bundles.defaultStartLevel=4 -Declipse.product=org.eclipse.jdt.ls.core.product -Djava.import.generatesMetadataFilesAtProjectRoot=false -DDetectVMInstallationsJob.disabled=true -Dfile.encoding=utf8 -XX:+UseParallelGC -XX:GCTimeRatio=4 -XX:AdaptiveSizePolicyWeight=90 -Dsun.zip.disableMemoryMapping=true -Xmx2G -Xms100m -Xlog:disable -javaagent:c:\Users\Angie\.antigravity\extensions\redhat.java-1.53.0-win32-x64\lombok\lombok-1.18.39-4050.jar -XX:+HeapDumpOnOutOfMemoryError -XX:HeapDumpPath=c:\Users\Angie\AppData\Roaming\Antigravity\User\workspaceStorage\e1b36e0ec165f8af3e196525ba6cf79d\redhat.java -Daether.dependencyCollector.impl=bf c:\Users\Angie\.antigravity\extensions\redhat.java-1.53.0-win32-x64\server\plugins\org.eclipse.equinox.launcher_1.7.100.v20251111-0406.jar -configuration c:\Users\Angie\AppData\Roaming\Antigravity\User\globalStorage\redhat.java\1.53.0\config_win -data c:\Users\Angie\AppData\Roaming\Antigravity\User\workspaceStorage\e1b36e0ec165f8af3e196525ba6cf79d\redhat.java\jdt_ws --pipe=\\.\pipe\lsp-7127e7aec5e8e0509f7dd7d70bba0846-sock

Host: AMD Ryzen 5 5500U with Radeon Graphics         , 12 cores, 11G,  Windows 11 , 64 bit Build 26100 (10.0.26100.7705)
Time: Fri Mar  6 10:47:10 2026 Hora est. Pacífico, Sudamérica elapsed time: 22.024709 seconds (0d 0h 0m 22s)

---------------  T H R E A D  ---------------

Current thread (0x0000018f6cf0bcd0):  JavaThread "C2 CompilerThread1" daemon [_thread_in_native, id=20024, stack(0x000000627a200000,0x000000627a300000) (1024K)]


Current CompileTask:
C2:22025 4769   !   4       org.eclipse.osgi.internal.loader.classpath.ClasspathManager::findClassImpl (328 bytes)

Stack: [0x000000627a200000,0x000000627a300000]
Native frames: (J=compiled Java code, j=interpreted, Vv=VM code, C=native code)
V  [jvm.dll+0x6d7a39]
V  [jvm.dll+0x8b4b26]
V  [jvm.dll+0x8b70de]
V  [jvm.dll+0x8b77c3]
V  [jvm.dll+0x284346]
V  [jvm.dll+0xc66ed]
V  [jvm.dll+0xc6c31]
V  [jvm.dll+0x3bec01]
V  [jvm.dll+0x1e3d62]
V  [jvm.dll+0x24c6b3]
V  [jvm.dll+0x24bb40]
V  [jvm.dll+0x1cb34e]
V  [jvm.dll+0x25b85d]
V  [jvm.dll+0x259dea]
V  [jvm.dll+0x3f857e]
V  [jvm.dll+0x85f59d]
V  [jvm.dll+0x6d626d]
C  [ucrtbase.dll+0x37b0]
C  [KERNEL32.DLL+0x2e8d7]
C  [ntdll.dll+0x8c40c]


---------------  P R O C E S S  ---------------

Threads class SMR info:
_java_thread_list=0x0000018f705609e0, length=30, elements={
0x0000018f4ee4c3d0, 0x0000018f4edfe7c0, 0x0000018f4eef15a0, 0x0000018f4eef6b20,
0x0000018f4eefb660, 0x0000018f4eefd230, 0x0000018f4eefff10, 0x0000018f4ef05070,
0x0000018f4ef0e370, 0x0000018f66d98570, 0x0000018f66ece7a0, 0x0000018f6ca6c1b0,
0x0000018f6c5240c0, 0x0000018f6c523a30, 0x0000018f6c5233a0, 0x0000018f6c522d10,
0x0000018f6ca8d690, 0x0000018f6ca8ea40, 0x0000018f6ca8dd20, 0x0000018f6ca8f760,
0x0000018f6cf0bcd0, 0x0000018f6ca8e3b0, 0x0000018f6ce13840, 0x0000018f6ca8f0d0,
0x0000018f6ca8fdf0, 0x0000018f6ca90480, 0x0000018f6ca8d000, 0x0000018f6ca93900,
0x0000018f6ca92be0, 0x0000018f6ca93f90
}

Java Threads: ( => current thread )
  0x0000018f4ee4c3d0 JavaThread "main"                              [_thread_blocked, id=1092, stack(0x0000006278900000,0x0000006278a00000) (1024K)]
  0x0000018f4edfe7c0 JavaThread "Reference Handler"          daemon [_thread_blocked, id=11964, stack(0x0000006278d00000,0x0000006278e00000) (1024K)]
  0x0000018f4eef15a0 JavaThread "Finalizer"                  daemon [_thread_blocked, id=3280, stack(0x0000006278e00000,0x0000006278f00000) (1024K)]
  0x0000018f4eef6b20 JavaThread "Signal Dispatcher"          daemon [_thread_blocked, id=10540, stack(0x0000006278f00000,0x0000006279000000) (1024K)]
  0x0000018f4eefb660 JavaThread "Attach Listener"            daemon [_thread_blocked, id=25596, stack(0x0000006279000000,0x0000006279100000) (1024K)]
  0x0000018f4eefd230 JavaThread "Service Thread"             daemon [_thread_blocked, id=14456, stack(0x0000006279100000,0x0000006279200000) (1024K)]
  0x0000018f4eefff10 JavaThread "Monitor Deflation Thread"   daemon [_thread_blocked, id=20020, stack(0x0000006279200000,0x0000006279300000) (1024K)]
  0x0000018f4ef05070 JavaThread "C2 CompilerThread0"         daemon [_thread_in_native, id=5936, stack(0x0000006279300000,0x0000006279400000) (1024K)]
  0x0000018f4ef0e370 JavaThread "C1 CompilerThread0"         daemon [_thread_in_vm, id=2552, stack(0x0000006279400000,0x0000006279500000) (1024K)]
  0x0000018f66d98570 JavaThread "Common-Cleaner"             daemon [_thread_blocked, id=7804, stack(0x0000006279600000,0x0000006279700000) (1024K)]
  0x0000018f66ece7a0 JavaThread "Notification Thread"        daemon [_thread_blocked, id=2560, stack(0x0000006279700000,0x0000006279800000) (1024K)]
  0x0000018f6ca6c1b0 JavaThread "Active Thread: Equinox Container: d08131d5-c45d-41ed-a0c3-2474c164375a"        [_thread_blocked, id=16128, stack(0x000000627a500000,0x000000627a600000) (1024K)]
  0x0000018f6c5240c0 JavaThread "Framework Event Dispatcher: Equinox Container: d08131d5-c45d-41ed-a0c3-2474c164375a" daemon [_thread_blocked, id=11060, stack(0x0000006279800000,0x0000006279900000) (1024K)]
  0x0000018f6c523a30 JavaThread "Start Level: Equinox Container: d08131d5-c45d-41ed-a0c3-2474c164375a" daemon [_thread_blocked, id=7864, stack(0x000000627a600000,0x000000627a700000) (1024K)]
  0x0000018f6c5233a0 JavaThread "Bundle File Closer"         daemon [_thread_blocked, id=12984, stack(0x000000627a800000,0x000000627a900000) (1024K)]
  0x0000018f6c522d10 JavaThread "Refresh Thread: Equinox Container: d08131d5-c45d-41ed-a0c3-2474c164375a" daemon [_thread_blocked, id=15484, stack(0x000000627a900000,0x000000627aa00000) (1024K)]
  0x0000018f6ca8d690 JavaThread "SCR Component Actor"        daemon [_thread_blocked, id=3564, stack(0x0000006279f00000,0x000000627a000000) (1024K)]
  0x0000018f6ca8ea40 JavaThread "Worker-JM"                         [_thread_blocked, id=10092, stack(0x000000627a000000,0x000000627a100000) (1024K)]
  0x0000018f6ca8dd20 JavaThread "Worker-0: Updating Maven Dependencies"        [_thread_blocked, id=21832, stack(0x0000006279500000,0x0000006279600000) (1024K)]
  0x0000018f6ca8f760 JavaThread "Worker-1: Repository registry initialization"        [_thread_in_Java, id=19972, stack(0x000000627a100000,0x000000627a200000) (1024K)]
=>0x0000018f6cf0bcd0 JavaThread "C2 CompilerThread1"         daemon [_thread_in_native, id=20024, stack(0x000000627a200000,0x000000627a300000) (1024K)]
  0x0000018f6ca8e3b0 JavaThread "Java indexing"              daemon [_thread_blocked, id=4244, stack(0x000000627a300000,0x000000627a400000) (1024K)]
  0x0000018f6ce13840 JavaThread "C2 CompilerThread2"         daemon [_thread_in_native, id=5532, stack(0x000000627a400000,0x000000627a500000) (1024K)]
  0x0000018f6ca8f0d0 JavaThread "Worker-2: Initialize After Load"        [_thread_blocked, id=1488, stack(0x000000627aa00000,0x000000627ab00000) (1024K)]
  0x0000018f6ca8fdf0 JavaThread "Worker-3: Loading available Gradle versions"        [_thread_in_vm, id=14476, stack(0x000000627ab00000,0x000000627ac00000) (1024K)]
  0x0000018f6ca90480 JavaThread "JNA Cleaner"                daemon [_thread_blocked, id=3232, stack(0x000000627ac00000,0x000000627ad00000) (1024K)]
  0x0000018f6ca8d000 JavaThread "Worker-4"                          [_thread_blocked, id=25004, stack(0x000000627af00000,0x000000627b000000) (1024K)]
  0x0000018f6ca93900 JavaThread "Worker-5"                          [_thread_blocked, id=7816, stack(0x000000627b000000,0x000000627b100000) (1024K)]
  0x0000018f6ca92be0 JavaThread "pool-2-thread-1"                   [_thread_blocked, id=17180, stack(0x000000627b300000,0x000000627b400000) (1024K)]
  0x0000018f6ca93f90 JavaThread "Framework stop - Equinox Container: d08131d5-c45d-41ed-a0c3-2474c164375a"        [_thread_blocked, id=24560, stack(0x000000627b400000,0x000000627b500000) (1024K)]
Total: 30

Other Threads:
  0x0000018f4eeeea50 VMThread "VM Thread"                           [id=24084, stack(0x0000006278c00000,0x0000006278d00000) (1024K)]
  0x0000018f4ecdca00 WatcherThread "VM Periodic Task Thread"        [id=16400, stack(0x0000006278b00000,0x0000006278c00000) (1024K)]
  0x0000018f4ee6bac0 WorkerThread "GC Thread#0"                     [id=16768, stack(0x0000006278a00000,0x0000006278b00000) (1024K)]
  0x0000018f6c460400 WorkerThread "GC Thread#1"                     [id=2936, stack(0x0000006279900000,0x0000006279a00000) (1024K)]
  0x0000018f6c4607b0 WorkerThread "GC Thread#2"                     [id=12612, stack(0x0000006279a00000,0x0000006279b00000) (1024K)]
  0x0000018f6c399eb0 WorkerThread "GC Thread#3"                     [id=25568, stack(0x0000006279b00000,0x0000006279c00000) (1024K)]
  0x0000018f6c39a260 WorkerThread "GC Thread#4"                     [id=12496, stack(0x0000006279c00000,0x0000006279d00000) (1024K)]
  0x0000018f6c39a610 WorkerThread "GC Thread#5"                     [id=22560, stack(0x0000006279d00000,0x0000006279e00000) (1024K)]
  0x0000018f6c464cc0 WorkerThread "GC Thread#6"                     [id=9744, stack(0x0000006279e00000,0x0000006279f00000) (1024K)]
  0x0000018f6c5324d0 WorkerThread "GC Thread#7"                     [id=21452, stack(0x000000627a700000,0x000000627a800000) (1024K)]
  0x0000018f6cddebb0 WorkerThread "GC Thread#8"                     [id=7476, stack(0x000000627b100000,0x000000627b200000) (1024K)]
  0x0000018f6d6509f0 WorkerThread "GC Thread#9"                     [id=13184, stack(0x000000627b200000,0x000000627b300000) (1024K)]
Total: 12

Threads with active compile tasks:
C2 CompilerThread0  22070 5468       4       java.io.DataInputStream::readFully (59 bytes)
C1 CompilerThread0  22070 5530       3       sun.security.ec.XECOperations::cswap (9 bytes)
C2 CompilerThread1  22070 4769   !   4       org.eclipse.osgi.internal.loader.classpath.ClasspathManager::findClassImpl (328 bytes)
C2 CompilerThread2  22070 5445       4       org.eclipse.osgi.internal.serviceregistry.ServiceRegistry::notifyHooksPrivileged (57 bytes)
Total: 4

VM state: at safepoint (normal execution)

VM Mutex/Monitor currently owned by a thread:  ([mutex/lock_event])
[0x00007ff90d87e560] Threads_lock - owner thread: 0x0000018f4eeeea50
[0x00007ff90d87e660] Heap_lock - owner thread: 0x0000018f6ca8fdf0

Heap address: 0x0000000080000000, size: 2048 MB, Compressed Oops mode: 32-bit

CDS archive(s) mapped at: [0x0000018f00000000-0x0000018f00ba0000-0x0000018f00ba0000), size 12189696, SharedBaseAddress: 0x0000018f00000000, ArchiveRelocationMode: 1.
Compressed class space mapped at: 0x0000018f01000000-0x0000018f41000000, reserved size: 1073741824
Narrow klass base: 0x0000018f00000000, Narrow klass shift: 0, Narrow klass range: 0x100000000

GC Precious Log:
 CardTable entry size: 512
 CPUs: 12 total, 12 available
 Memory: 11598M
 Large Page Support: Disabled
 NUMA Support: Disabled
 Compressed Oops: Enabled (32-bit)
 Alignments: Space 512K, Generation 512K, Heap 2M
 Heap Min Capacity: 100M
 Heap Initial Capacity: 100M
 Heap Max Capacity: 2G
 Pre-touch: Disabled
 Parallel Workers: 10

Heap:
 PSYoungGen      total 23552K, used 23552K [0x00000000d5580000, 0x00000000d6f80000, 0x0000000100000000)
  eden space 22016K, 100% used [0x00000000d5580000,0x00000000d6b00000,0x00000000d6b00000)
  from space 1536K, 100% used [0x00000000d6e00000,0x00000000d6f80000,0x00000000d6f80000)
  to   space 2048K, 24% used [0x00000000d6b80000,0x00000000d6bfc010,0x00000000d6d80000)
 ParOldGen       total 68608K, used 19297K [0x0000000080000000, 0x0000000084300000, 0x00000000d5580000)
  object space 68608K, 28% used [0x0000000080000000,0x00000000812e8578,0x0000000084300000)
 Metaspace       used 40005K, committed 41088K, reserved 1114112K
  class space    used 4251K, committed 4672K, reserved 1048576K

Card table byte_map: [0x0000018f4e7f0000,0x0000018f4ec00000] _byte_map_base: 0x0000018f4e3f0000

Marking Bits: (ParMarkBitMap*) 0x00007ff90d883450
 Begin Bits: [0x0000018f61300000, 0x0000018f63300000)
 End Bits:   [0x0000018f63300000, 0x0000018f65300000)

Polling page: 0x0000018f4ce50000

Metaspace:

Usage:
  Non-class:     34.92 MB used.
      Class:      4.15 MB used.
       Both:     39.07 MB used.

Virtual space:
  Non-class space:       64.00 MB reserved,      35.56 MB ( 56%) committed,  1 nodes.
      Class space:        1.00 GB reserved,       4.56 MB ( <1%) committed,  1 nodes.
             Both:        1.06 GB reserved,      40.12 MB (  4%) committed. 

Chunk freelists:
   Non-Class:  12.30 MB
       Class:  11.47 MB
        Both:  23.77 MB

MaxMetaspaceSize: unlimited
CompressedClassSpaceSize: 1.00 GB
Initial GC threshold: 21.00 MB
Current GC threshold: 58.38 MB
CDS: on
 - commit_granule_bytes: 65536.
 - commit_granule_words: 8192.
 - virtual_space_node_default_size: 8388608.
 - enlarge_chunks_in_place: 1.
 - use_allocation_guard: 0.


Internal statistics:

num_allocs_failed_limit: 6.
num_arena_births: 746.
num_arena_deaths: 40.
num_vsnodes_births: 2.
num_vsnodes_deaths: 0.
num_space_committed: 642.
num_space_uncommitted: 0.
num_chunks_returned_to_freelist: 55.
num_chunks_taken_from_freelist: 2342.
num_chunk_merges: 10.
num_chunk_splits: 1453.
num_chunks_enlarged: 862.
num_inconsistent_stats: 0.

CodeHeap 'non-profiled nmethods': size=120000Kb used=2380Kb max_used=2566Kb free=117619Kb
 bounds [0x0000018f59b20000, 0x0000018f59dc0000, 0x0000018f61050000]
CodeHeap 'profiled nmethods': size=120000Kb used=9897Kb max_used=10952Kb free=110102Kb
 bounds [0x0000018f52050000, 0x0000018f52b10000, 0x0000018f59580000]
CodeHeap 'non-nmethods': size=5760Kb used=1370Kb max_used=1440Kb free=4389Kb
 bounds [0x0000018f59580000, 0x0000018f597f0000, 0x0000018f59b20000]
CodeCache: size=245760Kb, used=13647Kb, max_used=14958Kb, free=232110Kb
 total_blobs=5483, nmethods=4816, adapters=573, full_count=0
Compilation: enabled, stopped_count=0, restarted_count=0

Compilation events (20 events):
Event: 22.001 Thread 0x0000018f4ef0e370 5492       3       com.google.inject.internal.Errors::throwConfigurationExceptionIfErrorsExist (22 bytes)
Event: 22.002 Thread 0x0000018f4ef0e370 nmethod 5492 0x0000018f520c2310 code [0x0000018f520c2520, 0x0000018f520c29c0]
Event: 22.003 Thread 0x0000018f4ef0e370 5494       3       java.lang.reflect.Proxy::getProxyConstructor (92 bytes)
Event: 22.005 Thread 0x0000018f4ef0e370 nmethod 5494 0x0000018f526c7e90 code [0x0000018f526c8180, 0x0000018f526c95f8]
Event: 22.005 Thread 0x0000018f4ef0e370 5495   !   3       java.lang.reflect.Proxy::newProxyInstance (75 bytes)
Event: 22.006 Thread 0x0000018f4ef0e370 nmethod 5495 0x0000018f52811a90 code [0x0000018f52811d00, 0x0000018f528127f8]
Event: 22.006 Thread 0x0000018f4ef0e370 5496       3       com.google.common.base.Preconditions::checkPositionIndex (8 bytes)
Event: 22.006 Thread 0x0000018f4ef0e370 nmethod 5496 0x0000018f526c7b10 code [0x0000018f526c7cc0, 0x0000018f526c7de8]
Event: 22.007 Thread 0x0000018f4ef0e370 5497       3       java.util.stream.Collectors$$Lambda/0x0000018f010c6520::get (8 bytes)
Event: 22.007 Thread 0x0000018f4ef0e370 nmethod 5497 0x0000018f5259dc10 code [0x0000018f5259dde0, 0x0000018f5259e0e0]
Event: 22.007 Thread 0x0000018f4ef0e370 5499       3       com.google.inject.Key::<init> (26 bytes)
Event: 22.008 Thread 0x0000018f4ef0e370 nmethod 5499 0x0000018f52716690 code [0x0000018f52716860, 0x0000018f52716ba8]
Event: 22.008 Thread 0x0000018f4ef0e370 5498       3       com.google.common.collect.Iterators::forArrayWithPosition (26 bytes)
Event: 22.008 Thread 0x0000018f4ef0e370 nmethod 5498 0x0000018f52135390 code [0x0000018f521355a0, 0x0000018f52135b38]
Event: 22.009 Thread 0x0000018f4ef0e370 5500       3       jdk.internal.loader.AbstractClassLoaderValue$Sub::equals (55 bytes)
Event: 22.009 Thread 0x0000018f4ef0e370 nmethod 5500 0x0000018f52134790 code [0x0000018f521349a0, 0x0000018f521350c0]
Event: 22.016 Thread 0x0000018f4ef0e370 5501       3       com.google.inject.internal.Errors::<init> (22 bytes)
Event: 22.016 Thread 0x0000018f4ef0e370 nmethod 5501 0x0000018f52716290 code [0x0000018f52716440, 0x0000018f527165f0]
Event: 22.017 Thread 0x0000018f4ef0e370 5502       2       java.lang.AbstractStringBuilder::<init> (63 bytes)
Event: 22.018 Thread 0x0000018f4ef0e370 nmethod 5502 0x0000018f5222d310 code [0x0000018f5222d4e0, 0x0000018f5222d7e8]

GC Heap History (20 events):
Event: 19.360 GC heap before
{Heap before GC invocations=9 (full 0):
 PSYoungGen      total 27648K, used 12374K [0x00000000d5580000, 0x00000000d7680000, 0x0000000100000000)
  eden space 23040K, 34% used [0x00000000d5580000,0x00000000d5d2d2f0,0x00000000d6c00000)
  from space 4608K, 97% used [0x00000000d7200000,0x00000000d7668588,0x00000000d7680000)
  to   space 5120K, 0% used [0x00000000d6c80000,0x00000000d6c80000,0x00000000d7180000)
 ParOldGen       total 68608K, used 8445K [0x0000000080000000, 0x0000000084300000, 0x00000000d5580000)
  object space 68608K, 12% used [0x0000000080000000,0x000000008083f4c8,0x0000000084300000)
 Metaspace       used 20706K, committed 21504K, reserved 1114112K
  class space    used 2118K, committed 2496K, reserved 1048576K
}
Event: 19.365 GC heap after
{Heap after GC invocations=9 (full 0):
 PSYoungGen      total 26624K, used 3401K [0x00000000d5580000, 0x00000000d7400000, 0x0000000100000000)
  eden space 23040K, 0% used [0x00000000d5580000,0x00000000d5580000,0x00000000d6c00000)
  from space 3584K, 94% used [0x00000000d6c80000,0x00000000d6fd2698,0x00000000d7000000)
  to   space 4096K, 0% used [0x00000000d7000000,0x00000000d7000000,0x00000000d7400000)
 ParOldGen       total 68608K, used 10091K [0x0000000080000000, 0x0000000084300000, 0x00000000d5580000)
  object space 68608K, 14% used [0x0000000080000000,0x00000000809daf38,0x0000000084300000)
 Metaspace       used 20706K, committed 21504K, reserved 1114112K
  class space    used 2118K, committed 2496K, reserved 1048576K
}
Event: 19.365 GC heap before
{Heap before GC invocations=10 (full 1):
 PSYoungGen      total 26624K, used 3401K [0x00000000d5580000, 0x00000000d7400000, 0x0000000100000000)
  eden space 23040K, 0% used [0x00000000d5580000,0x00000000d5580000,0x00000000d6c00000)
  from space 3584K, 94% used [0x00000000d6c80000,0x00000000d6fd2698,0x00000000d7000000)
  to   space 4096K, 0% used [0x00000000d7000000,0x00000000d7000000,0x00000000d7400000)
 ParOldGen       total 68608K, used 10091K [0x0000000080000000, 0x0000000084300000, 0x00000000d5580000)
  object space 68608K, 14% used [0x0000000080000000,0x00000000809daf38,0x0000000084300000)
 Metaspace       used 20706K, committed 21504K, reserved 1114112K
  class space    used 2118K, committed 2496K, reserved 1048576K
}
Event: 19.418 GC heap after
{Heap after GC invocations=10 (full 1):
 PSYoungGen      total 26624K, used 0K [0x00000000d5580000, 0x00000000d7400000, 0x0000000100000000)
  eden space 23040K, 0% used [0x00000000d5580000,0x00000000d5580000,0x00000000d6c00000)
  from space 3584K, 0% used [0x00000000d6c80000,0x00000000d6c80000,0x00000000d7000000)
  to   space 4096K, 0% used [0x00000000d7000000,0x00000000d7000000,0x00000000d7400000)
 ParOldGen       total 68608K, used 12766K [0x0000000080000000, 0x0000000084300000, 0x00000000d5580000)
  object space 68608K, 18% used [0x0000000080000000,0x0000000080c77b68,0x0000000084300000)
 Metaspace       used 20693K, committed 21504K, reserved 1114112K
  class space    used 2114K, committed 2496K, reserved 1048576K
}
Event: 19.690 GC heap before
{Heap before GC invocations=11 (full 1):
 PSYoungGen      total 26624K, used 23040K [0x00000000d5580000, 0x00000000d7400000, 0x0000000100000000)
  eden space 23040K, 100% used [0x00000000d5580000,0x00000000d6c00000,0x00000000d6c00000)
  from space 3584K, 0% used [0x00000000d6c80000,0x00000000d6c80000,0x00000000d7000000)
  to   space 4096K, 0% used [0x00000000d7000000,0x00000000d7000000,0x00000000d7400000)
 ParOldGen       total 68608K, used 12766K [0x0000000080000000, 0x0000000084300000, 0x00000000d5580000)
  object space 68608K, 18% used [0x0000000080000000,0x0000000080c77b68,0x0000000084300000)
 Metaspace       used 23142K, committed 23936K, reserved 1114112K
  class space    used 2262K, committed 2624K, reserved 1048576K
}
Event: 19.692 GC heap after
{Heap after GC invocations=11 (full 1):
 PSYoungGen      total 23040K, used 467K [0x00000000d5580000, 0x00000000d7080000, 0x0000000100000000)
  eden space 22528K, 0% used [0x00000000d5580000,0x00000000d5580000,0x00000000d6b80000)
  from space 512K, 91% used [0x00000000d7000000,0x00000000d7074f38,0x00000000d7080000)
  to   space 2048K, 0% used [0x00000000d6c80000,0x00000000d6c80000,0x00000000d6e80000)
 ParOldGen       total 68608K, used 12766K [0x0000000080000000, 0x0000000084300000, 0x00000000d5580000)
  object space 68608K, 18% used [0x0000000080000000,0x0000000080c77b68,0x0000000084300000)
 Metaspace       used 23142K, committed 23936K, reserved 1114112K
  class space    used 2262K, committed 2624K, reserved 1048576K
}
Event: 19.967 GC heap before
{Heap before GC invocations=12 (full 1):
 PSYoungGen      total 23040K, used 22995K [0x00000000d5580000, 0x00000000d7080000, 0x0000000100000000)
  eden space 22528K, 100% used [0x00000000d5580000,0x00000000d6b80000,0x00000000d6b80000)
  from space 512K, 91% used [0x00000000d7000000,0x00000000d7074f38,0x00000000d7080000)
  to   space 2048K, 0% used [0x00000000d6c80000,0x00000000d6c80000,0x00000000d6e80000)
 ParOldGen       total 68608K, used 12766K [0x0000000080000000, 0x0000000084300000, 0x00000000d5580000)
  object space 68608K, 18% used [0x0000000080000000,0x0000000080c77b68,0x0000000084300000)
 Metaspace       used 25668K, committed 26560K, reserved 1114112K
  class space    used 2469K, committed 2816K, reserved 1048576K
}
Event: 19.969 GC heap after
{Heap after GC invocations=12 (full 1):
 PSYoungGen      total 24064K, used 1339K [0x00000000d5580000, 0x00000000d7080000, 0x0000000100000000)
  eden space 22016K, 0% used [0x00000000d5580000,0x00000000d5580000,0x00000000d6b00000)
  from space 2048K, 65% used [0x00000000d6c80000,0x00000000d6dceda0,0x00000000d6e80000)
  to   space 1536K, 0% used [0x00000000d6f00000,0x00000000d6f00000,0x00000000d7080000)
 ParOldGen       total 68608K, used 13656K [0x0000000080000000, 0x0000000084300000, 0x00000000d5580000)
  object space 68608K, 19% used [0x0000000080000000,0x0000000080d56160,0x0000000084300000)
 Metaspace       used 25668K, committed 26560K, reserved 1114112K
  class space    used 2469K, committed 2816K, reserved 1048576K
}
Event: 20.354 GC heap before
{Heap before GC invocations=13 (full 1):
 PSYoungGen      total 24064K, used 23355K [0x00000000d5580000, 0x00000000d7080000, 0x0000000100000000)
  eden space 22016K, 100% used [0x00000000d5580000,0x00000000d6b00000,0x00000000d6b00000)
  from space 2048K, 65% used [0x00000000d6c80000,0x00000000d6dceda0,0x00000000d6e80000)
  to   space 1536K, 0% used [0x00000000d6f00000,0x00000000d6f00000,0x00000000d7080000)
 ParOldGen       total 68608K, used 13656K [0x0000000080000000, 0x0000000084300000, 0x00000000d5580000)
  object space 68608K, 19% used [0x0000000080000000,0x0000000080d56160,0x0000000084300000)
 Metaspace       used 27541K, committed 28480K, reserved 1114112K
  class space    used 2648K, committed 3008K, reserved 1048576K
}
Event: 20.359 GC heap after
{Heap after GC invocations=13 (full 1):
 PSYoungGen      total 23552K, used 1197K [0x00000000d5580000, 0x00000000d7080000, 0x0000000100000000)
  eden space 22016K, 0% used [0x00000000d5580000,0x00000000d5580000,0x00000000d6b00000)
  from space 1536K, 77% used [0x00000000d6f00000,0x00000000d702b670,0x00000000d7080000)
  to   space 1536K, 0% used [0x00000000d6d80000,0x00000000d6d80000,0x00000000d6f00000)
 ParOldGen       total 68608K, used 14739K [0x0000000080000000, 0x0000000084300000, 0x00000000d5580000)
  object space 68608K, 21% used [0x0000000080000000,0x0000000080e64e50,0x0000000084300000)
 Metaspace       used 27541K, committed 28480K, reserved 1114112K
  class space    used 2648K, committed 3008K, reserved 1048576K
}
Event: 20.714 GC heap before
{Heap before GC invocations=14 (full 1):
 PSYoungGen      total 23552K, used 23213K [0x00000000d5580000, 0x00000000d7080000, 0x0000000100000000)
  eden space 22016K, 100% used [0x00000000d5580000,0x00000000d6b00000,0x00000000d6b00000)
  from space 1536K, 77% used [0x00000000d6f00000,0x00000000d702b670,0x00000000d7080000)
  to   space 1536K, 0% used [0x00000000d6d80000,0x00000000d6d80000,0x00000000d6f00000)
 ParOldGen       total 68608K, used 14739K [0x0000000080000000, 0x0000000084300000, 0x00000000d5580000)
  object space 68608K, 21% used [0x0000000080000000,0x0000000080e64e50,0x0000000084300000)
 Metaspace       used 31014K, committed 31872K, reserved 1114112K
  class space    used 3103K, committed 3456K, reserved 1048576K
}
Event: 20.716 GC heap after
{Heap after GC invocations=14 (full 1):
 PSYoungGen      total 23552K, used 1120K [0x00000000d5580000, 0x00000000d6f80000, 0x0000000100000000)
  eden space 22016K, 0% used [0x00000000d5580000,0x00000000d5580000,0x00000000d6b00000)
  from space 1536K, 72% used [0x00000000d6d80000,0x00000000d6e98000,0x00000000d6f00000)
  to   space 512K, 0% used [0x00000000d6f00000,0x00000000d6f00000,0x00000000d6f80000)
 ParOldGen       total 68608K, used 15742K [0x0000000080000000, 0x0000000084300000, 0x00000000d5580000)
  object space 68608K, 22% used [0x0000000080000000,0x0000000080f5fb28,0x0000000084300000)
 Metaspace       used 31014K, committed 31872K, reserved 1114112K
  class space    used 3103K, committed 3456K, reserved 1048576K
}
Event: 21.143 GC heap before
{Heap before GC invocations=15 (full 1):
 PSYoungGen      total 23552K, used 23135K [0x00000000d5580000, 0x00000000d6f80000, 0x0000000100000000)
  eden space 22016K, 99% used [0x00000000d5580000,0x00000000d6affc30,0x00000000d6b00000)
  from space 1536K, 72% used [0x00000000d6d80000,0x00000000d6e98000,0x00000000d6f00000)
  to   space 512K, 0% used [0x00000000d6f00000,0x00000000d6f00000,0x00000000d6f80000)
 ParOldGen       total 68608K, used 15742K [0x0000000080000000, 0x0000000084300000, 0x00000000d5580000)
  object space 68608K, 22% used [0x0000000080000000,0x0000000080f5fb28,0x0000000084300000)
 Metaspace       used 32885K, committed 33920K, reserved 1114112K
  class space    used 3346K, committed 3776K, reserved 1048576K
}
Event: 21.147 GC heap after
{Heap after GC invocations=15 (full 1):
 PSYoungGen      total 22528K, used 507K [0x00000000d5580000, 0x00000000d7000000, 0x0000000100000000)
  eden space 22016K, 0% used [0x00000000d5580000,0x00000000d5580000,0x00000000d6b00000)
  from space 512K, 99% used [0x00000000d6f00000,0x00000000d6f7eff8,0x00000000d6f80000)
  to   space 2560K, 0% used [0x00000000d6b00000,0x00000000d6b00000,0x00000000d6d80000)
 ParOldGen       total 68608K, used 17382K [0x0000000080000000, 0x0000000084300000, 0x00000000d5580000)
  object space 68608K, 25% used [0x0000000080000000,0x00000000810f9bf0,0x0000000084300000)
 Metaspace       used 32885K, committed 33920K, reserved 1114112K
  class space    used 3346K, committed 3776K, reserved 1048576K
}
Event: 21.356 GC heap before
{Heap before GC invocations=16 (full 1):
 PSYoungGen      total 22528K, used 17632K [0x00000000d5580000, 0x00000000d7000000, 0x0000000100000000)
  eden space 22016K, 77% used [0x00000000d5580000,0x00000000d66392a0,0x00000000d6b00000)
  from space 512K, 99% used [0x00000000d6f00000,0x00000000d6f7eff8,0x00000000d6f80000)
  to   space 2560K, 0% used [0x00000000d6b00000,0x00000000d6b00000,0x00000000d6d80000)
 ParOldGen       total 68608K, used 17382K [0x0000000080000000, 0x0000000084300000, 0x00000000d5580000)
  object space 68608K, 25% used [0x0000000080000000,0x00000000810f9bf0,0x0000000084300000)
 Metaspace       used 34810K, committed 35840K, reserved 1114112K
  class space    used 3586K, committed 4032K, reserved 1048576K
}
Event: 21.360 GC heap after
{Heap after GC invocations=16 (full 1):
 PSYoungGen      total 24576K, used 1182K [0x00000000d5580000, 0x00000000d6f80000, 0x0000000100000000)
  eden space 22016K, 0% used [0x00000000d5580000,0x00000000d5580000,0x00000000d6b00000)
  from space 2560K, 46% used [0x00000000d6b00000,0x00000000d6c27a78,0x00000000d6d80000)
  to   space 1536K, 0% used [0x00000000d6e00000,0x00000000d6e00000,0x00000000d6f80000)
 ParOldGen       total 68608K, used 17919K [0x0000000080000000, 0x0000000084300000, 0x00000000d5580000)
  object space 68608K, 26% used [0x0000000080000000,0x000000008117fe60,0x0000000084300000)
 Metaspace       used 34810K, committed 35840K, reserved 1114112K
  class space    used 3586K, committed 4032K, reserved 1048576K
}
Event: 21.360 GC heap before
{Heap before GC invocations=17 (full 2):
 PSYoungGen      total 24576K, used 1182K [0x00000000d5580000, 0x00000000d6f80000, 0x0000000100000000)
  eden space 22016K, 0% used [0x00000000d5580000,0x00000000d5580000,0x00000000d6b00000)
  from space 2560K, 46% used [0x00000000d6b00000,0x00000000d6c27a78,0x00000000d6d80000)
  to   space 1536K, 0% used [0x00000000d6e00000,0x00000000d6e00000,0x00000000d6f80000)
 ParOldGen       total 68608K, used 17919K [0x0000000080000000, 0x0000000084300000, 0x00000000d5580000)
  object space 68608K, 26% used [0x0000000080000000,0x000000008117fe60,0x0000000084300000)
 Metaspace       used 34810K, committed 35840K, reserved 1114112K
  class space    used 3586K, committed 4032K, reserved 1048576K
}
Event: 21.423 GC heap after
{Heap after GC invocations=17 (full 2):
 PSYoungGen      total 24576K, used 0K [0x00000000d5580000, 0x00000000d6f80000, 0x0000000100000000)
  eden space 22016K, 0% used [0x00000000d5580000,0x00000000d5580000,0x00000000d6b00000)
  from space 2560K, 0% used [0x00000000d6b00000,0x00000000d6b00000,0x00000000d6d80000)
  to   space 1536K, 0% used [0x00000000d6e00000,0x00000000d6e00000,0x00000000d6f80000)
 ParOldGen       total 68608K, used 18361K [0x0000000080000000, 0x0000000084300000, 0x00000000d5580000)
  object space 68608K, 26% used [0x0000000080000000,0x00000000811ee690,0x0000000084300000)
 Metaspace       used 34787K, committed 35840K, reserved 1114112K
  class space    used 3580K, committed 4032K, reserved 1048576K
}
Event: 21.713 GC heap before
{Heap before GC invocations=18 (full 2):
 PSYoungGen      total 24576K, used 22016K [0x00000000d5580000, 0x00000000d6f80000, 0x0000000100000000)
  eden space 22016K, 100% used [0x00000000d5580000,0x00000000d6b00000,0x00000000d6b00000)
  from space 2560K, 0% used [0x00000000d6b00000,0x00000000d6b00000,0x00000000d6d80000)
  to   space 1536K, 0% used [0x00000000d6e00000,0x00000000d6e00000,0x00000000d6f80000)
 ParOldGen       total 68608K, used 18361K [0x0000000080000000, 0x0000000084300000, 0x00000000d5580000)
  object space 68608K, 26% used [0x0000000080000000,0x00000000811ee690,0x0000000084300000)
 Metaspace       used 36585K, committed 37632K, reserved 1114112K
  class space    used 3795K, committed 4224K, reserved 1048576K
}
Event: 21.715 GC heap after
{Heap after GC invocations=18 (full 2):
 PSYoungGen      total 23552K, used 1536K [0x00000000d5580000, 0x00000000d6f80000, 0x0000000100000000)
  eden space 22016K, 0% used [0x00000000d5580000,0x00000000d5580000,0x00000000d6b00000)
  from space 1536K, 100% used [0x00000000d6e00000,0x00000000d6f80000,0x00000000d6f80000)
  to   space 2048K, 0% used [0x00000000d6b80000,0x00000000d6b80000,0x00000000d6d80000)
 ParOldGen       total 68608K, used 18401K [0x0000000080000000, 0x0000000084300000, 0x00000000d5580000)
  object space 68608K, 26% used [0x0000000080000000,0x00000000811f8690,0x0000000084300000)
 Metaspace       used 36585K, committed 37632K, reserved 1114112K
  class space    used 3795K, committed 4224K, reserved 1048576K
}

Dll operation events (14 events):
Event: 0.034 Loaded shared library c:\Users\Angie\.antigravity\extensions\redhat.java-1.53.0-win32-x64\jre\21.0.10-win32-x86_64\bin\java.dll
Event: 0.199 Loaded shared library c:\Users\Angie\.antigravity\extensions\redhat.java-1.53.0-win32-x64\jre\21.0.10-win32-x86_64\bin\zip.dll
Event: 0.269 Loaded shared library C:\Users\Angie\.antigravity\extensions\redhat.java-1.53.0-win32-x64\jre\21.0.10-win32-x86_64\bin\instrument.dll
Event: 0.286 Loaded shared library C:\Users\Angie\.antigravity\extensions\redhat.java-1.53.0-win32-x64\jre\21.0.10-win32-x86_64\bin\net.dll
Event: 0.292 Loaded shared library C:\Users\Angie\.antigravity\extensions\redhat.java-1.53.0-win32-x64\jre\21.0.10-win32-x86_64\bin\nio.dll
Event: 0.299 Loaded shared library C:\Users\Angie\.antigravity\extensions\redhat.java-1.53.0-win32-x64\jre\21.0.10-win32-x86_64\bin\zip.dll
Event: 0.334 Loaded shared library C:\Users\Angie\.antigravity\extensions\redhat.java-1.53.0-win32-x64\jre\21.0.10-win32-x86_64\bin\jimage.dll
Event: 0.510 Loaded shared library c:\Users\Angie\.antigravity\extensions\redhat.java-1.53.0-win32-x64\jre\21.0.10-win32-x86_64\bin\verify.dll
Event: 3.802 Loaded shared library C:\Users\Angie\AppData\Roaming\Antigravity\User\globalStorage\redhat.java\1.53.0\config_win\org.eclipse.equinox.launcher\org.eclipse.equinox.launcher.win32.win32.x86_64_1.3.0.v20260203-2149\eclipse_11919.dll
Event: 18.417 Loaded shared library C:\Users\Angie\.antigravity\extensions\redhat.java-1.53.0-win32-x64\jre\21.0.10-win32-x86_64\bin\management.dll
Event: 18.423 Loaded shared library C:\Users\Angie\.antigravity\extensions\redhat.java-1.53.0-win32-x64\jre\21.0.10-win32-x86_64\bin\management_ext.dll
Event: 20.920 Loaded shared library C:\Users\Angie\AppData\Local\Temp\jna-63408214\jna18060267910554594378.dll
Event: 21.207 Loaded shared library C:\Users\Angie\.antigravity\extensions\redhat.java-1.53.0-win32-x64\jre\21.0.10-win32-x86_64\bin\sunmscapi.dll
Event: 21.926 Loaded shared library C:\Users\Angie\.antigravity\extensions\redhat.java-1.53.0-win32-x64\jre\21.0.10-win32-x86_64\bin\extnet.dll

Deoptimization events (20 events):
Event: 21.979 Thread 0x0000018f6ca8fdf0 Uncommon trap: trap_request=0xffffffde fr.pc=0x0000018f59ccc034 relative=0x00000000000006b4
Event: 21.979 Thread 0x0000018f6ca8fdf0 Uncommon trap: reason=class_check action=maybe_recompile pc=0x0000018f59ccc034 method=java.lang.AbstractStringBuilder.<init>(Ljava/lang/String;)V @ 58 c2
Event: 21.979 Thread 0x0000018f6ca8fdf0 DEOPT PACKING pc=0x0000018f59ccc034 sp=0x000000627abfe500
Event: 21.979 Thread 0x0000018f6ca8fdf0 DEOPT UNPACKING pc=0x0000018f595d3aa2 sp=0x000000627abfe4e0 mode 2
Event: 21.979 Thread 0x0000018f6ca8fdf0 Uncommon trap: trap_request=0xffffffde fr.pc=0x0000018f59ccc034 relative=0x00000000000006b4
Event: 21.979 Thread 0x0000018f6ca8fdf0 Uncommon trap: reason=class_check action=maybe_recompile pc=0x0000018f59ccc034 method=java.lang.AbstractStringBuilder.<init>(Ljava/lang/String;)V @ 58 c2
Event: 21.979 Thread 0x0000018f6ca8fdf0 DEOPT PACKING pc=0x0000018f59ccc034 sp=0x000000627abfe500
Event: 21.979 Thread 0x0000018f6ca8fdf0 DEOPT UNPACKING pc=0x0000018f595d3aa2 sp=0x000000627abfe4e0 mode 2
Event: 21.982 Thread 0x0000018f6ca8fdf0 Uncommon trap: trap_request=0xffffffde fr.pc=0x0000018f59ccc034 relative=0x00000000000006b4
Event: 21.983 Thread 0x0000018f6ca8fdf0 Uncommon trap: reason=class_check action=maybe_recompile pc=0x0000018f59ccc034 method=java.lang.AbstractStringBuilder.<init>(Ljava/lang/String;)V @ 58 c2
Event: 21.983 Thread 0x0000018f6ca8fdf0 DEOPT PACKING pc=0x0000018f59ccc034 sp=0x000000627abfe990
Event: 21.983 Thread 0x0000018f6ca8fdf0 DEOPT UNPACKING pc=0x0000018f595d3aa2 sp=0x000000627abfe970 mode 2
Event: 21.988 Thread 0x0000018f6ca8fdf0 Uncommon trap: trap_request=0xffffff3d fr.pc=0x0000018f59c104a8 relative=0x0000000000000208
Event: 21.988 Thread 0x0000018f6ca8fdf0 Uncommon trap: reason=unstable_fused_if action=reinterpret pc=0x0000018f59c104a8 method=java.lang.CharacterDataLatin1.equalsIgnoreCase(BB)Z @ 16 c2
Event: 21.988 Thread 0x0000018f6ca8fdf0 DEOPT PACKING pc=0x0000018f59c104a8 sp=0x000000627abfe790
Event: 21.988 Thread 0x0000018f6ca8fdf0 DEOPT UNPACKING pc=0x0000018f595d3aa2 sp=0x000000627abfe6c0 mode 2
Event: 21.988 Thread 0x0000018f6ca8fdf0 Uncommon trap: trap_request=0xffffff3d fr.pc=0x0000018f59baab88 relative=0x0000000000000068
Event: 21.988 Thread 0x0000018f6ca8fdf0 Uncommon trap: reason=unstable_fused_if action=reinterpret pc=0x0000018f59baab88 method=java.lang.CharacterDataLatin1.equalsIgnoreCase(BB)Z @ 16 c2
Event: 21.988 Thread 0x0000018f6ca8fdf0 DEOPT PACKING pc=0x0000018f59baab88 sp=0x000000627abfe730
Event: 21.988 Thread 0x0000018f6ca8fdf0 DEOPT UNPACKING pc=0x0000018f595d3aa2 sp=0x000000627abfe6c0 mode 2

Classes loaded (20 events):
Event: 22.018 Loading class sun/security/ssl/SupportedVersionsExtension$HRRSupportedVersionsProducer
Event: 22.019 Loading class sun/security/ssl/SupportedVersionsExtension$HRRSupportedVersionsProducer done
Event: 22.019 Loading class sun/security/ssl/SupportedVersionsExtension$HRRSupportedVersionsConsumer
Event: 22.019 Loading class sun/security/ssl/SupportedVersionsExtension$HRRSupportedVersionsConsumer done
Event: 22.019 Loading class sun/security/ssl/SupportedVersionsExtension$HRRSupportedVersionsReproducer
Event: 22.019 Loading class sun/security/ssl/SupportedVersionsExtension$HRRSupportedVersionsReproducer done
Event: 22.019 Loading class sun/security/ssl/CookieExtension
Event: 22.019 Loading class sun/security/ssl/CookieExtension done
Event: 22.019 Loading class sun/security/ssl/CookieExtension$CHCookieProducer
Event: 22.019 Loading class sun/security/ssl/CookieExtension$CHCookieProducer done
Event: 22.019 Loading class sun/security/ssl/CookieExtension$CHCookieConsumer
Event: 22.020 Loading class sun/security/ssl/CookieExtension$CHCookieConsumer done
Event: 22.020 Loading class sun/security/ssl/CookieExtension$CHCookieUpdate
Event: 22.020 Loading class sun/security/ssl/CookieExtension$CHCookieUpdate done
Event: 22.020 Loading class sun/security/ssl/CookieExtension$HRRCookieProducer
Event: 22.020 Loading class sun/security/ssl/CookieExtension$HRRCookieProducer done
Event: 22.020 Loading class sun/security/ssl/CookieExtension$HRRCookieConsumer
Event: 22.021 Loading class sun/security/ssl/CookieExtension$HRRCookieConsumer done
Event: 22.021 Loading class sun/security/ssl/CookieExtension$HRRCookieReproducer
Event: 22.021 Loading class sun/security/ssl/CookieExtension$HRRCookieReproducer done

Classes unloaded (20 events):
Event: 19.374 Thread 0x0000018f4eeeea50 Unloading class 0x0000018f011b4800 'java/lang/invoke/LambdaForm$MH+0x0000018f011b4800'
Event: 19.374 Thread 0x0000018f4eeeea50 Unloading class 0x0000018f011b4400 'java/lang/invoke/LambdaForm$MH+0x0000018f011b4400'
Event: 19.374 Thread 0x0000018f4eeeea50 Unloading class 0x0000018f011b4000 'java/lang/invoke/LambdaForm$MH+0x0000018f011b4000'
Event: 19.374 Thread 0x0000018f4eeeea50 Unloading class 0x0000018f011b3c00 'java/lang/invoke/LambdaForm$MH+0x0000018f011b3c00'
Event: 19.374 Thread 0x0000018f4eeeea50 Unloading class 0x0000018f011b3800 'java/lang/invoke/LambdaForm$BMH+0x0000018f011b3800'
Event: 19.374 Thread 0x0000018f4eeeea50 Unloading class 0x0000018f011b3400 'java/lang/invoke/LambdaForm$DMH+0x0000018f011b3400'
Event: 19.374 Thread 0x0000018f4eeeea50 Unloading class 0x0000018f011b2000 'java/lang/invoke/LambdaForm$DMH+0x0000018f011b2000'
Event: 21.368 Thread 0x0000018f4eeeea50 Unloading class 0x0000018f012f5800 'java/lang/invoke/LambdaForm$MH+0x0000018f012f5800'
Event: 21.368 Thread 0x0000018f4eeeea50 Unloading class 0x0000018f012f4c00 'java/lang/invoke/LambdaForm$MH+0x0000018f012f4c00'
Event: 21.368 Thread 0x0000018f4eeeea50 Unloading class 0x0000018f012f4400 'java/lang/invoke/LambdaForm$MH+0x0000018f012f4400'
Event: 21.368 Thread 0x0000018f4eeeea50 Unloading class 0x0000018f012f3800 'java/lang/invoke/LambdaForm$MH+0x0000018f012f3800'
Event: 21.368 Thread 0x0000018f4eeeea50 Unloading class 0x0000018f012f3000 'java/lang/invoke/LambdaForm$DMH+0x0000018f012f3000'
Event: 21.368 Thread 0x0000018f4eeeea50 Unloading class 0x0000018f012f2400 'java/lang/invoke/LambdaForm$MH+0x0000018f012f2400'
Event: 21.368 Thread 0x0000018f4eeeea50 Unloading class 0x0000018f012ee800 'java/lang/invoke/LambdaForm$MH+0x0000018f012ee800'
Event: 21.368 Thread 0x0000018f4eeeea50 Unloading class 0x0000018f012ee000 'java/lang/invoke/LambdaForm$MH+0x0000018f012ee000'
Event: 21.368 Thread 0x0000018f4eeeea50 Unloading class 0x0000018f012ed800 'java/lang/invoke/LambdaForm$MH+0x0000018f012ed800'
Event: 21.368 Thread 0x0000018f4eeeea50 Unloading class 0x0000018f012ed000 'java/lang/invoke/LambdaForm$MH+0x0000018f012ed000'
Event: 21.368 Thread 0x0000018f4eeeea50 Unloading class 0x0000018f012ecc00 'java/lang/invoke/LambdaForm$MH+0x0000018f012ecc00'
Event: 21.368 Thread 0x0000018f4eeeea50 Unloading class 0x0000018f012ec000 'java/lang/invoke/LambdaForm$MH+0x0000018f012ec000'
Event: 21.369 Thread 0x0000018f4eeeea50 Unloading class 0x0000018f012eb400 'java/lang/invoke/LambdaForm$MH+0x0000018f012eb400'

Classes redefined (0 events):
No events

Internal exceptions (20 events):
Event: 20.365 Thread 0x0000018f6c523a30 Exception <a 'sun/nio/fs/WindowsException'{0x00000000d55a2fa8}> (0x00000000d55a2fa8) 
thrown [s\src\hotspot\share\prims\jni.cpp, line 520]
Event: 20.366 Thread 0x0000018f6c523a30 Exception <a 'sun/nio/fs/WindowsException'{0x00000000d55a6ca8}> (0x00000000d55a6ca8) 
thrown [s\src\hotspot\share\prims\jni.cpp, line 520]
Event: 20.402 Thread 0x0000018f6c523a30 Exception <a 'sun/nio/fs/WindowsException'{0x00000000d57ad4a0}> (0x00000000d57ad4a0) 
thrown [s\src\hotspot\share\prims\jni.cpp, line 520]
Event: 20.501 Thread 0x0000018f6c523a30 Exception <a 'java/lang/ClassNotFoundException'{0x00000000d5e7f350}: com/sun/org/apache/xml/internal/serializer/spi/XMLEntitiesProvider> (0x00000000d5e7f350) 
thrown [s\src\hotspot\share\classfile\systemDictionary.cpp, line 312]
Event: 20.665 Thread 0x0000018f6c523a30 Exception <a 'java/io/FileNotFoundException'{0x00000000d6720738}> (0x00000000d6720738) 
thrown [s\src\hotspot\share\prims\jni.cpp, line 520]
Event: 20.887 Thread 0x0000018f6ca8f760 Exception <a 'java/lang/NoClassDefFoundError'{0x00000000d5a67280}: javax/enterprise/inject/Typed> (0x00000000d5a67280) 
thrown [s\src\hotspot\share\classfile\systemDictionary.cpp, line 301]
Event: 20.994 Thread 0x0000018f6c523a30 Exception <a 'java/lang/UnsatisfiedLinkError'{0x00000000d610d130}: No se encontrĂł el proceso especificado.
> (0x00000000d610d130) 
thrown [s\src\hotspot\share\prims\jni.cpp, line 539]
Event: 21.002 Thread 0x0000018f6c523a30 Exception <a 'java/io/FileNotFoundException'{0x00000000d61357e0}> (0x00000000d61357e0) 
thrown [s\src\hotspot\share\prims\jni.cpp, line 520]
Event: 21.020 Thread 0x0000018f6c523a30 Exception <a 'java/io/FileNotFoundException'{0x00000000d634a3e8}> (0x00000000d634a3e8) 
thrown [s\src\hotspot\share\prims\jni.cpp, line 520]
Event: 21.047 Thread 0x0000018f6c523a30 Exception <a 'java/lang/NoSuchMethodError'{0x00000000d64e88b8}: 'void java.lang.invoke.DirectMethodHandle$Holder.invokeSpecial(java.lang.Object, java.lang.Object, java.lang.Object, int)'> (0x00000000d64e88b8) 
thrown [s\src\hotspot\share\interpreter\linkResolver.cpp, line 773]
Event: 21.048 Thread 0x0000018f6c523a30 Exception <a 'java/lang/NoSuchMethodError'{0x00000000d64ebf98}: 'void java.lang.invoke.DelegatingMethodHandle$Holder.reinvoke_L(java.lang.Object, java.lang.Object, int)'> (0x00000000d64ebf98) 
thrown [s\src\hotspot\share\interpreter\linkResolver.cpp, line 773]
Event: 21.049 Thread 0x0000018f6c523a30 Exception <a 'java/lang/NoSuchMethodError'{0x00000000d64f29d0}: 'int java.lang.invoke.Invokers$Holder.invokeExact_MT(java.lang.Object, java.lang.Object, java.lang.Object)'> (0x00000000d64f29d0) 
thrown [s\src\hotspot\share\interpreter\linkResolver.cpp, line 773]
Event: 21.053 Thread 0x0000018f6c523a30 Exception <a 'java/lang/UnsatisfiedLinkError'{0x00000000d6607f20}: No se encontrĂł el proceso especificado.
> (0x00000000d6607f20) 
thrown [s\src\hotspot\share\prims\jni.cpp, line 539]
Event: 21.066 Thread 0x0000018f6c523a30 Exception <a 'java/lang/NoSuchMethodError'{0x00000000d6614d50}: 'void java.lang.invoke.Invokers$Holder.invokeExact_MT(java.lang.Object, java.lang.Object, int, java.lang.Object)'> (0x00000000d6614d50) 
thrown [s\src\hotspot\share\interpreter\linkResolver.cpp, line 773]
Event: 21.196 Thread 0x0000018f4ee4c3d0 Exception <a 'java/io/FileNotFoundException'{0x00000000d59fb158}> (0x00000000d59fb158) 
thrown [s\src\hotspot\share\prims\jni.cpp, line 520]
Event: 21.264 Thread 0x0000018f6ca8fdf0 Exception <a 'sun/nio/fs/WindowsException'{0x00000000d606f3f0}> (0x00000000d606f3f0) 
thrown [s\src\hotspot\share\prims\jni.cpp, line 520]
Event: 21.277 Thread 0x0000018f4ee4c3d0 Exception <a 'java/lang/NoSuchMethodError'{0x00000000d616b2b8}: 'java.lang.Object java.lang.invoke.DirectMethodHandle$Holder.invokeStatic(java.lang.Object, long, java.lang.Object)'> (0x00000000d616b2b8) 
thrown [s\src\hotspot\share\interpreter\linkResolver.cpp, line 773]
Event: 21.278 Thread 0x0000018f4ee4c3d0 Exception <a 'java/lang/NoSuchMethodError'{0x00000000d616ec50}: 'java.lang.Object java.lang.invoke.DirectMethodHandle$Holder.invokeStaticInit(java.lang.Object, long, java.lang.Object)'> (0x00000000d616ec50) 
thrown [s\src\hotspot\share\interpreter\linkResolver.cpp, line 773]
Event: 21.279 Thread 0x0000018f4ee4c3d0 Exception <a 'java/lang/NoSuchMethodError'{0x00000000d6174630}: 'java.lang.Object java.lang.invoke.DirectMethodHandle$Holder.newInvokeSpecial(java.lang.Object, long)'> (0x00000000d6174630) 
thrown [s\src\hotspot\share\interpreter\linkResolver.cpp, line 773]
Event: 21.293 Thread 0x0000018f4ee4c3d0 Exception <a 'sun/nio/fs/WindowsException'{0x00000000d6286fb0}> (0x00000000d6286fb0) 
thrown [s\src\hotspot\share\prims\jni.cpp, line 520]

ZGC Phase Switch (0 events):
No events

VM Operations (20 events):
Event: 20.959 Executing non-safepoint VM operation: HandshakeAllThreads (Deoptimize)
Event: 20.959 Executing non-safepoint VM operation: HandshakeAllThreads (Deoptimize) done
Event: 21.143 Executing safepoint VM operation: ParallelGCFailedAllocation (Allocation Failure)
Event: 21.147 Executing safepoint VM operation: ParallelGCFailedAllocation (Allocation Failure) done
Event: 21.195 Executing non-safepoint VM operation: HandshakeAllThreads (Deoptimize)
Event: 21.195 Executing non-safepoint VM operation: HandshakeAllThreads (Deoptimize) done
Event: 21.356 Executing safepoint VM operation: CollectForMetadataAllocation (Metadata GC Threshold)
Event: 21.423 Executing safepoint VM operation: CollectForMetadataAllocation (Metadata GC Threshold) done
Event: 21.562 Executing non-safepoint VM operation: HandshakeAllThreads (Deoptimize)
Event: 21.562 Executing non-safepoint VM operation: HandshakeAllThreads (Deoptimize) done
Event: 21.712 Executing safepoint VM operation: ParallelGCFailedAllocation (Allocation Failure)
Event: 21.715 Executing safepoint VM operation: ParallelGCFailedAllocation (Allocation Failure) done
Event: 21.745 Executing non-safepoint VM operation: HandshakeAllThreads (Deoptimize)
Event: 21.746 Executing non-safepoint VM operation: HandshakeAllThreads (Deoptimize) done
Event: 21.785 Executing non-safepoint VM operation: HandshakeAllThreads (Deoptimize)
Event: 21.785 Executing non-safepoint VM operation: HandshakeAllThreads (Deoptimize) done
Event: 21.853 Executing non-safepoint VM operation: HandshakeAllThreads (Deoptimize)
Event: 21.854 Executing non-safepoint VM operation: HandshakeAllThreads (Deoptimize) done
Event: 21.991 Executing non-safepoint VM operation: HandshakeAllThreads (Deoptimize)
Event: 21.991 Executing non-safepoint VM operation: HandshakeAllThreads (Deoptimize) done

Memory protections (0 events):
No events

Nmethod flushes (20 events):
Event: 21.390 Thread 0x0000018f4eeeea50 flushing  nmethod 0x0000018f5271b010
Event: 21.390 Thread 0x0000018f4eeeea50 flushing  nmethod 0x0000018f52788810
Event: 21.390 Thread 0x0000018f4eeeea50 flushing  nmethod 0x0000018f527d0310
Event: 21.390 Thread 0x0000018f4eeeea50 flushing  nmethod 0x0000018f5280df10
Event: 21.390 Thread 0x0000018f4eeeea50 flushing  nmethod 0x0000018f5280e310
Event: 21.390 Thread 0x0000018f4eeeea50 flushing  nmethod 0x0000018f5280ec10
Event: 21.390 Thread 0x0000018f4eeeea50 flushing  nmethod 0x0000018f5280fe10
Event: 21.390 Thread 0x0000018f4eeeea50 flushing  nmethod 0x0000018f52810610
Event: 21.390 Thread 0x0000018f4eeeea50 flushing  nmethod 0x0000018f52810d90
Event: 21.390 Thread 0x0000018f4eeeea50 flushing  nmethod 0x0000018f52811710
Event: 21.390 Thread 0x0000018f4eeeea50 flushing  nmethod 0x0000018f52811c10
Event: 21.390 Thread 0x0000018f4eeeea50 flushing  nmethod 0x0000018f52812110
Event: 21.390 Thread 0x0000018f4eeeea50 flushing  nmethod 0x0000018f52813490
Event: 21.390 Thread 0x0000018f4eeeea50 flushing  nmethod 0x0000018f52814190
Event: 21.390 Thread 0x0000018f4eeeea50 flushing  nmethod 0x0000018f52814e10
Event: 21.390 Thread 0x0000018f4eeeea50 flushing  nmethod 0x0000018f5281ed10
Event: 21.390 Thread 0x0000018f4eeeea50 flushing  nmethod 0x0000018f52834110
Event: 21.390 Thread 0x0000018f4eeeea50 flushing  nmethod 0x0000018f5283ba10
Event: 21.390 Thread 0x0000018f4eeeea50 flushing  nmethod 0x0000018f528aff90
Event: 21.390 Thread 0x0000018f4eeeea50 flushing  nmethod 0x0000018f528b1b10

Events (20 events):
Event: 14.054 Thread 0x0000018f6ccb7b60 Thread exited: 0x0000018f6ccb7b60
Event: 14.055 Thread 0x0000018f6c851600 Thread exited: 0x0000018f6c851600
Event: 17.321 Thread 0x0000018f4ef0e370 Thread added: 0x0000018f6c8305e0
Event: 17.572 Thread 0x0000018f6c523a30 Thread added: 0x0000018f6ca8d690
Event: 18.206 Thread 0x0000018f6c523a30 Thread added: 0x0000018f6ca8ea40
Event: 18.268 Thread 0x0000018f6c8305e0 Thread exited: 0x0000018f6c8305e0
Event: 18.545 Thread 0x0000018f6c523a30 Thread added: 0x0000018f6ca8dd20
Event: 18.569 Thread 0x0000018f6c523a30 Thread added: 0x0000018f6ca8f760
Event: 18.866 Thread 0x0000018f4ef0e370 Thread added: 0x0000018f6cf0bcd0
Event: 19.018 Thread 0x0000018f4ef0e370 Thread added: 0x0000018f6d80b240
Event: 19.689 Thread 0x0000018f6d80b240 Thread exited: 0x0000018f6d80b240
Event: 20.146 Thread 0x0000018f6c523a30 Thread added: 0x0000018f6ca8e3b0
Event: 20.176 Thread 0x0000018f4ef0e370 Thread added: 0x0000018f6ce13840
Event: 20.238 Thread 0x0000018f6ca8f760 Thread added: 0x0000018f6ca8f0d0
Event: 20.359 Thread 0x0000018f6ca8f0d0 Thread added: 0x0000018f6ca8fdf0
Event: 20.971 Thread 0x0000018f6c523a30 Thread added: 0x0000018f6ca90480
Event: 21.131 Thread 0x0000018f6ca8fdf0 Thread added: 0x0000018f6ca8d000
Event: 21.228 Thread 0x0000018f6ca8d000 Thread added: 0x0000018f6ca93900
Event: 21.322 Thread 0x0000018f4ee4c3d0 Thread added: 0x0000018f6ca92be0
Event: 21.345 Thread 0x0000018f4ee4c3d0 Thread added: 0x0000018f6ca93f90


Dynamic libraries:
0x00007ff6eb350000 - 0x00007ff6eb35e000 	c:\Users\Angie\.antigravity\extensions\redhat.java-1.53.0-win32-x64\jre\21.0.10-win32-x86_64\bin\java.exe
0x00007ff9bf0a0000 - 0x00007ff9bf308000 	C:\WINDOWS\SYSTEM32\ntdll.dll
0x00007ff9be3a0000 - 0x00007ff9be469000 	C:\WINDOWS\System32\KERNEL32.DLL
0x00007ff9bc810000 - 0x00007ff9bcc01000 	C:\WINDOWS\System32\KERNELBASE.dll
0x00007ff9bbd70000 - 0x00007ff9bbebb000 	C:\WINDOWS\System32\ucrtbase.dll
0x00007ff9a9790000 - 0x00007ff9a97a8000 	c:\Users\Angie\.antigravity\extensions\redhat.java-1.53.0-win32-x64\jre\21.0.10-win32-x86_64\bin\jli.dll
0x00007ff9bd6c0000 - 0x00007ff9bd886000 	C:\WINDOWS\System32\USER32.dll
0x00007ff9bc730000 - 0x00007ff9bc757000 	C:\WINDOWS\System32\win32u.dll
0x00007ff9be540000 - 0x00007ff9be56b000 	C:\WINDOWS\System32\GDI32.dll
0x00007ff9935b0000 - 0x00007ff9935ce000 	c:\Users\Angie\.antigravity\extensions\redhat.java-1.53.0-win32-x64\jre\21.0.10-win32-x86_64\bin\VCRUNTIME140.dll
0x00007ff9bbac0000 - 0x00007ff9bbbeb000 	C:\WINDOWS\System32\gdi32full.dll
0x00007ff9bb980000 - 0x00007ff9bba23000 	C:\WINDOWS\System32\msvcp_win.dll
0x00007ff9a6020000 - 0x00007ff9a62b3000 	C:\WINDOWS\WinSxS\amd64_microsoft.windows.common-controls_6595b64144ccf1df_6.0.26100.7824_none_3e0870b2e3345462\COMCTL32.dll
0x00007ff9bd190000 - 0x00007ff9bd239000 	C:\WINDOWS\System32\msvcrt.dll
0x00007ff9be6b0000 - 0x00007ff9be6e1000 	C:\WINDOWS\System32\IMM32.DLL
0x00007ff9ad2f0000 - 0x00007ff9ad2fc000 	c:\Users\Angie\.antigravity\extensions\redhat.java-1.53.0-win32-x64\jre\21.0.10-win32-x86_64\bin\vcruntime140_1.dll
0x00007ff973f90000 - 0x00007ff97401d000 	c:\Users\Angie\.antigravity\extensions\redhat.java-1.53.0-win32-x64\jre\21.0.10-win32-x86_64\bin\msvcp140.dll
0x00007ff90cbc0000 - 0x00007ff90d961000 	c:\Users\Angie\.antigravity\extensions\redhat.java-1.53.0-win32-x64\jre\21.0.10-win32-x86_64\bin\server\jvm.dll
0x00007ff9be470000 - 0x00007ff9be524000 	C:\WINDOWS\System32\ADVAPI32.dll
0x00007ff9bde60000 - 0x00007ff9bdf06000 	C:\WINDOWS\System32\sechost.dll
0x00007ff9bd240000 - 0x00007ff9bd358000 	C:\WINDOWS\System32\RPCRT4.dll
0x00007ff9bd640000 - 0x00007ff9bd6b4000 	C:\WINDOWS\System32\WS2_32.dll
0x00007ff9bb7e0000 - 0x00007ff9bb83e000 	C:\WINDOWS\SYSTEM32\POWRPROF.dll
0x00007ff9b40f0000 - 0x00007ff9b4125000 	C:\WINDOWS\SYSTEM32\WINMM.dll
0x00007ff9b4130000 - 0x00007ff9b413b000 	C:\WINDOWS\SYSTEM32\VERSION.dll
0x00007ff9bb7c0000 - 0x00007ff9bb7d4000 	C:\WINDOWS\SYSTEM32\UMPDC.dll
0x00007ff9ba720000 - 0x00007ff9ba73b000 	C:\WINDOWS\SYSTEM32\kernel.appcore.dll
0x00007ff9ac780000 - 0x00007ff9ac78a000 	c:\Users\Angie\.antigravity\extensions\redhat.java-1.53.0-win32-x64\jre\21.0.10-win32-x86_64\bin\jimage.dll
0x00007ff9b09d0000 - 0x00007ff9b0c12000 	C:\WINDOWS\SYSTEM32\DBGHELP.DLL
0x00007ff9bdad0000 - 0x00007ff9bde56000 	C:\WINDOWS\System32\combase.dll
0x00007ff9bcf20000 - 0x00007ff9bcff7000 	C:\WINDOWS\System32\OLEAUT32.dll
0x00007ff9a6af0000 - 0x00007ff9a6b2b000 	C:\WINDOWS\SYSTEM32\dbgcore.DLL
0x00007ff9bc760000 - 0x00007ff9bc805000 	C:\WINDOWS\System32\bcryptPrimitives.dll
0x00007ff9aaff0000 - 0x00007ff9aafff000 	c:\Users\Angie\.antigravity\extensions\redhat.java-1.53.0-win32-x64\jre\21.0.10-win32-x86_64\bin\instrument.dll
0x00007ff9a9dc0000 - 0x00007ff9a9de0000 	c:\Users\Angie\.antigravity\extensions\redhat.java-1.53.0-win32-x64\jre\21.0.10-win32-x86_64\bin\java.dll
0x00007ff9be710000 - 0x00007ff9bee62000 	C:\WINDOWS\System32\SHELL32.dll
0x00007ff9bcc10000 - 0x00007ff9bcd7a000 	C:\WINDOWS\System32\wintypes.dll
0x00007ff9bbec0000 - 0x00007ff9bc723000 	C:\WINDOWS\System32\windows.storage.dll
0x00007ff9bd080000 - 0x00007ff9bd176000 	C:\WINDOWS\System32\SHCORE.dll
0x00007ff9bee80000 - 0x00007ff9beee7000 	C:\WINDOWS\System32\shlwapi.dll
0x00007ff9bb8a0000 - 0x00007ff9bb8c9000 	C:\WINDOWS\SYSTEM32\profapi.dll
0x00007ff9a7c50000 - 0x00007ff9a7c68000 	c:\Users\Angie\.antigravity\extensions\redhat.java-1.53.0-win32-x64\jre\21.0.10-win32-x86_64\bin\zip.dll
0x00007ff9aa250000 - 0x00007ff9aa260000 	C:\Users\Angie\.antigravity\extensions\redhat.java-1.53.0-win32-x64\jre\21.0.10-win32-x86_64\bin\net.dll
0x00007ff9b61b0000 - 0x00007ff9b62d7000 	C:\WINDOWS\SYSTEM32\WINHTTP.dll
0x00007ff9bac90000 - 0x00007ff9bacfb000 	C:\WINDOWS\system32\mswsock.dll
0x00007ff9933c0000 - 0x00007ff9933d6000 	C:\Users\Angie\.antigravity\extensions\redhat.java-1.53.0-win32-x64\jre\21.0.10-win32-x86_64\bin\nio.dll
0x00007ff9a9ec0000 - 0x00007ff9a9ed0000 	c:\Users\Angie\.antigravity\extensions\redhat.java-1.53.0-win32-x64\jre\21.0.10-win32-x86_64\bin\verify.dll
0x00007ff980ca0000 - 0x00007ff980ce5000 	C:\Users\Angie\AppData\Roaming\Antigravity\User\globalStorage\redhat.java\1.53.0\config_win\org.eclipse.equinox.launcher\org.eclipse.equinox.launcher.win32.win32.x86_64_1.3.0.v20260203-2149\eclipse_11919.dll
0x00007ff9bd890000 - 0x00007ff9bda27000 	C:\WINDOWS\System32\ole32.dll
0x00007ff9a9a30000 - 0x00007ff9a9a3a000 	C:\Users\Angie\.antigravity\extensions\redhat.java-1.53.0-win32-x64\jre\21.0.10-win32-x86_64\bin\management.dll
0x00007ff9a8140000 - 0x00007ff9a814c000 	C:\Users\Angie\.antigravity\extensions\redhat.java-1.53.0-win32-x64\jre\21.0.10-win32-x86_64\bin\management_ext.dll
0x00007ff9bee70000 - 0x00007ff9bee78000 	C:\WINDOWS\System32\PSAPI.DLL
0x00007ff9baf70000 - 0x00007ff9baf8b000 	C:\WINDOWS\SYSTEM32\CRYPTSP.dll
0x00007ff9ba680000 - 0x00007ff9ba6b9000 	C:\WINDOWS\system32\rsaenh.dll
0x00007ff9bad40000 - 0x00007ff9bad6b000 	C:\WINDOWS\SYSTEM32\USERENV.dll
0x00007ff9bb870000 - 0x00007ff9bb89a000 	C:\WINDOWS\SYSTEM32\bcrypt.dll
0x00007ff9baf60000 - 0x00007ff9baf6c000 	C:\WINDOWS\SYSTEM32\CRYPTBASE.dll
0x00007ff9ba120000 - 0x00007ff9ba154000 	C:\WINDOWS\SYSTEM32\IPHLPAPI.DLL
0x00007ff9bda30000 - 0x00007ff9bda3a000 	C:\WINDOWS\System32\NSI.dll
0x00007ff9752e0000 - 0x00007ff975329000 	C:\Users\Angie\AppData\Local\Temp\jna-63408214\jna18060267910554594378.dll
0x00007ff9b6830000 - 0x00007ff9b684e000 	C:\WINDOWS\SYSTEM32\dhcpcsvc6.DLL
0x00007ff9b6760000 - 0x00007ff9b6783000 	C:\WINDOWS\SYSTEM32\dhcpcsvc.DLL
0x00007ff9a80a0000 - 0x00007ff9a80ae000 	C:\Users\Angie\.antigravity\extensions\redhat.java-1.53.0-win32-x64\jre\21.0.10-win32-x86_64\bin\sunmscapi.dll
0x00007ff9bbbf0000 - 0x00007ff9bbd67000 	C:\WINDOWS\System32\CRYPT32.dll
0x00007ff9bb180000 - 0x00007ff9bb1b0000 	C:\WINDOWS\SYSTEM32\ncrypt.dll
0x00007ff9bb130000 - 0x00007ff9bb16f000 	C:\WINDOWS\SYSTEM32\NTASN1.dll
0x00007ff9ba160000 - 0x00007ff9ba28c000 	C:\WINDOWS\SYSTEM32\DNSAPI.dll
0x00007ff9b5c10000 - 0x00007ff9b5c1b000 	C:\Windows\System32\rasadhlp.dll
0x00007ff9b6c90000 - 0x00007ff9b6d16000 	C:\WINDOWS\System32\fwpuclnt.dll
0x00007ff9a7c40000 - 0x00007ff9a7c49000 	C:\Users\Angie\.antigravity\extensions\redhat.java-1.53.0-win32-x64\jre\21.0.10-win32-x86_64\bin\extnet.dll

JVMTI agents:
c:\Users\Angie\.antigravity\extensions\redhat.java-1.53.0-win32-x64\lombok\lombok-1.18.39-4050.jar path:c:\Users\Angie\.antigravity\extensions\redhat.java-1.53.0-win32-x64\jre\21.0.10-win32-x86_64\bin\instrument.dll, loaded, initialized, instrumentlib options:none

dbghelp: loaded successfully - version: 4.0.5 - missing functions: none
symbol engine: initialized successfully - sym options: 0x614 - pdb path: .;c:\Users\Angie\.antigravity\extensions\redhat.java-1.53.0-win32-x64\jre\21.0.10-win32-x86_64\bin;C:\WINDOWS\SYSTEM32;C:\WINDOWS\WinSxS\amd64_microsoft.windows.common-controls_6595b64144ccf1df_6.0.26100.7824_none_3e0870b2e3345462;c:\Users\Angie\.antigravity\extensions\redhat.java-1.53.0-win32-x64\jre\21.0.10-win32-x86_64\bin\server;C:\Users\Angie\AppData\Roaming\Antigravity\User\globalStorage\redhat.java\1.53.0\config_win\org.eclipse.equinox.launcher\org.eclipse.equinox.launcher.win32.win32.x86_64_1.3.0.v20260203-2149;C:\Users\Angie\AppData\Local\Temp\jna-63408214

VM Arguments:
jvm_args: --add-modules=ALL-SYSTEM --add-opens=java.base/java.util=ALL-UNNAMED --add-opens=java.base/java.lang=ALL-UNNAMED --add-opens=java.base/sun.nio.fs=ALL-UNNAMED -Declipse.application=org.eclipse.jdt.ls.core.id1 -Dosgi.bundles.defaultStartLevel=4 -Declipse.product=org.eclipse.jdt.ls.core.product -Djava.import.generatesMetadataFilesAtProjectRoot=false -DDetectVMInstallationsJob.disabled=true -Dfile.encoding=utf8 -XX:+UseParallelGC -XX:GCTimeRatio=4 -XX:AdaptiveSizePolicyWeight=90 -Dsun.zip.disableMemoryMapping=true -Xmx2G -Xms100m -Xlog:disable -javaagent:c:\Users\Angie\.antigravity\extensions\redhat.java-1.53.0-win32-x64\lombok\lombok-1.18.39-4050.jar -XX:+HeapDumpOnOutOfMemoryError -XX:HeapDumpPath=c:\Users\Angie\AppData\Roaming\Antigravity\User\workspaceStorage\e1b36e0ec165f8af3e196525ba6cf79d\redhat.java -Daether.dependencyCollector.impl=bf 
java_command: c:\Users\Angie\.antigravity\extensions\redhat.java-1.53.0-win32-x64\server\plugins\org.eclipse.equinox.launcher_1.7.100.v20251111-0406.jar -configuration c:\Users\Angie\AppData\Roaming\Antigravity\User\globalStorage\redhat.java\1.53.0\config_win -data c:\Users\Angie\AppData\Roaming\Antigravity\User\workspaceStorage\e1b36e0ec165f8af3e196525ba6cf79d\redhat.java\jdt_ws --pipe=\\.\pipe\lsp-7127e7aec5e8e0509f7dd7d70bba0846-sock
java_class_path (initial): c:\Users\Angie\.antigravity\extensions\redhat.java-1.53.0-win32-x64\server\plugins\org.eclipse.equinox.launcher_1.7.100.v20251111-0406.jar
Launcher Type: SUN_STANDARD

[Global flags]
    uintx AdaptiveSizePolicyWeight                 = 90                                        {product} {command line}
     intx CICompilerCount                          = 4                                         {product} {ergonomic}
    uintx GCTimeRatio                              = 4                                         {product} {command line}
     bool HeapDumpOnOutOfMemoryError               = true                                   {manageable} {command line}
    ccstr HeapDumpPath                             = c:\Users\Angie\AppData\Roaming\Antigravity\User\workspaceStorage\e1b36e0ec165f8af3e196525ba6cf79d\redhat.java         {manageable} {command line}
   size_t InitialHeapSize                          = 104857600                                 {product} {command line}
   size_t MaxHeapSize                              = 2147483648                                {product} {command line}
   size_t MaxNewSize                               = 715653120                                 {product} {ergonomic}
   size_t MinHeapDeltaBytes                        = 524288                                    {product} {ergonomic}
   size_t MinHeapSize                              = 104857600                                 {product} {command line}
   size_t NewSize                                  = 34603008                                  {product} {ergonomic}
    uintx NonNMethodCodeHeapSize                   = 5839372                                {pd product} {ergonomic}
    uintx NonProfiledCodeHeapSize                  = 122909434                              {pd product} {ergonomic}
   size_t OldSize                                  = 70254592                                  {product} {ergonomic}
    uintx ProfiledCodeHeapSize                     = 122909434                              {pd product} {ergonomic}
    uintx ReservedCodeCacheSize                    = 251658240                              {pd product} {ergonomic}
     bool SegmentedCodeCache                       = true                                      {product} {ergonomic}
   size_t SoftMaxHeapSize                          = 2147483648                             {manageable} {ergonomic}
     bool UseCompressedOops                        = true                           {product lp64_product} {ergonomic}
     bool UseLargePagesIndividualAllocation        = false                                  {pd product} {ergonomic}
     bool UseParallelGC                            = true                                      {product} {command line}

Logging:
Log output configuration:
 #0: stdout all=off uptime,level,tags foldmultilines=false
 #1: stderr all=off uptime,level,tags foldmultilines=false

Release file:
JAVA_VERSION="21.0.10" 
MODULES="java.base java.compiler java.datatransfer java.xml java.prefs java.desktop java.instrument java.logging java.management java.security.sasl java.naming java.rmi java.management.rmi java.net.http java.scripting java.security.jgss java.transaction.xa java.sql java.sql.rowset java.xml.crypto java.se java.smartcardio jdk.accessibility jdk.internal.jvmstat jdk.attach jdk.charsets jdk.internal.opt jdk.zipfs jdk.compiler jdk.crypto.ec jdk.crypto.cryptoki jdk.crypto.mscapi jdk.dynalink jdk.internal.ed jdk.editpad jdk.hotspot.agent jdk.httpserver jdk.internal.le jdk.internal.vm.ci jdk.internal.vm.compiler jdk.internal.vm.compiler.management jdk.jartool jdk.javadoc jdk.jcmd jdk.management jdk.management.agent jdk.jconsole jdk.jdeps jdk.jdwp.agent jdk.jdi jdk.jfr jdk.jshell jdk.jsobject jdk.jstatd jdk.localedata jdk.management.jfr jdk.naming.dns jdk.naming.rmi jdk.net jdk.nio.mapmode jdk.random jdk.sctp jdk.security.auth jdk.security.jgss jdk.unsupported jdk.unsupported.desktop jdk.xml.dom" 

Environment Variables:
PATH=C:\app\Angie\product\21c\dbhomeXE\bin;C:\Python313\Scripts\;C:\Python313\;C:\Program Files (x86)\Common Files\Oracle\Java\java8path;C:\Program Files (x86)\Common Files\Oracle\Java\javapath;C:\WINDOWS\system32;C:\WINDOWS;C:\WINDOWS\System32\Wbem;C:\WINDOWS\System32\WindowsPowerShell\v1.0\;C:\WINDOWS\System32\OpenSSH\;C:\Program Files\apache-maven-3.9.4\bin;C:\Program Files\Docker\Docker\resources\bin;C:\ProgramData\chocolatey\bin;C:\Program Files (x86)\Microsoft SQL Server\160\Tools\Binn\;C:\Program Files\Microsoft SQL Server\160\Tools\Binn\;C:\Program Files\Microsoft SQL Server\Client SDK\ODBC\170\Tools\Binn\;C:\Program Files\Microsoft SQL Server\160\DTS\Binn\;C:\Program Files\MATLAB\R2025a\bin;C:\Program Files\Git\cmd;C:\Program Files\nodejs\;C:\Program Files\dotnet\;C:\Program Files\Microsoft SQL Server\170\Tools\Binn\;C:\Users\Angie\AppData\Local\Microsoft\WindowsApps;C:\Users\Angie\AppData\Local\Programs\Microsoft VS Code\bin;C:\Users\Angie\AppData\Local\GitHubDesktop\bin;C:\Users\Angie\AppData\Local\JetBrains\Toolbox\scripts;C:\Users\Angie\AppData\Local\Programs\Windsurf\bin;C:\Program Files\MongoDB\Server\8.2\bin;C:\Users\Angie\AppData\Local\Programs\mongosh\;C:\Program Files\MongoDB\Tools\100\bin;C:\Users\Angie\AppData\Roaming\npm;C:\Users\Angie\.dotnet\tools;C:\Users\Angie\AppData\Local\Programs\Antigravity\bin
USERNAME=Angie
OS=Windows_NT
PROCESSOR_IDENTIFIER=AMD64 Family 23 Model 104 Stepping 1, AuthenticAMD
TMP=C:\Users\Angie\AppData\Local\Temp
TEMP=C:\Users\Angie\AppData\Local\Temp




Periodic native trim disabled

---------------  S Y S T E M  ---------------

OS:
 Windows 11 , 64 bit Build 26100 (10.0.26100.7705)
OS uptime: 1 days 3:24 hours
Hyper-V role detected

CPU: total 12 (initial active 12) (12 cores per cpu, 2 threads per core) family 23 model 104 stepping 1 microcode 0x8608104, cx8, cmov, fxsr, ht, mmx, 3dnowpref, sse, sse2, sse3, ssse3, sse4a, sse4.1, sse4.2, popcnt, lzcnt, tsc, tscinvbit, avx, avx2, aes, clmul, bmi1, bmi2, adx, sha, fma, vzeroupper, clflush, clflushopt, hv, rdtscp, rdpid, f16c
Processor Information for processor 0
  Max Mhz: 2100, Current Mhz: 1813, Mhz Limit: 2100
Processor Information for processor 1
  Max Mhz: 2100, Current Mhz: 1893, Mhz Limit: 2100
Processor Information for processor 2
  Max Mhz: 2100, Current Mhz: 1893, Mhz Limit: 2100
Processor Information for processor 3
  Max Mhz: 2100, Current Mhz: 1893, Mhz Limit: 2100
Processor Information for processor 4
  Max Mhz: 2100, Current Mhz: 1893, Mhz Limit: 2100
Processor Information for processor 5
  Max Mhz: 2100, Current Mhz: 1893, Mhz Limit: 2100
Processor Information for processor 6
  Max Mhz: 2100, Current Mhz: 1893, Mhz Limit: 2100
Processor Information for processor 7
  Max Mhz: 2100, Current Mhz: 1893, Mhz Limit: 2100
Processor Information for processor 8
  Max Mhz: 2100, Current Mhz: 1893, Mhz Limit: 2100
Processor Information for processor 9
  Max Mhz: 2100, Current Mhz: 1893, Mhz Limit: 2100
Processor Information for processor 10
  Max Mhz: 2100, Current Mhz: 1893, Mhz Limit: 2100
Processor Information for processor 11
  Max Mhz: 2100, Current Mhz: 1893, Mhz Limit: 2100

Memory: 4k page, system-wide physical 11598M (1245M free)
TotalPageFile size 20518M (AvailPageFile size 6M)
current process WorkingSet (physical memory assigned to process): 214M, peak: 215M
current process commit charge ("private bytes"): 339M, peak: 340M

vm_info: OpenJDK 64-Bit Server VM (21.0.10+7-LTS) for windows-amd64 JRE (21.0.10+7-LTS), built on 2026-01-20T00:00:00Z by "admin" with MS VC++ 17.12 (VS2022)

END.
