#
# There is insufficient memory for the Java Runtime Environment to continue.
# Native memory allocation (malloc) failed to allocate 974176 bytes. Error detail: Chunk::new
# Possible reasons:
#   The system is out of physical RAM or swap space
#   This process is running with CompressedOops enabled, and the Java Heap may be blocking the growth of the native heap
# Possible solutions:
#   Reduce memory load on the system
#   Increase physical memory or swap space
#   Check if swap backing store is full
#   Decrease Java heap size (-Xmx/-Xms)
#   Decrease number of Java threads
#   Decrease Java thread stack sizes (-Xss)
#   Set larger code cache with -XX:ReservedCodeCacheSize=
#   JVM is running with Unscaled Compressed Oops mode in which the Java heap is
#     placed in the first 4GB address space. The Java Heap base address is the
#     maximum limit for the native heap growth. Please use -XX:HeapBaseMinAddress
#     to set the Java Heap base and to place the Java Heap above 4GB virtual address.
# This output file may be truncated or incomplete.
#
#  Out of Memory Error (arena.cpp:168), pid=21076, tid=6544
#
# JRE version: OpenJDK Runtime Environment Temurin-21.0.10+7 (21.0.10+7) (build 21.0.10+7-LTS)
# Java VM: OpenJDK 64-Bit Server VM Temurin-21.0.10+7 (21.0.10+7-LTS, mixed mode, sharing, tiered, compressed oops, compressed class ptrs, parallel gc, windows-amd64)
# No core dump will be written. Minidumps are not enabled by default on client versions of Windows
#

---------------  S U M M A R Y ------------

Command Line: --add-modules=ALL-SYSTEM --add-opens=java.base/java.util=ALL-UNNAMED --add-opens=java.base/java.lang=ALL-UNNAMED --add-opens=java.base/sun.nio.fs=ALL-UNNAMED -Declipse.application=org.eclipse.jdt.ls.core.id1 -Dosgi.bundles.defaultStartLevel=4 -Declipse.product=org.eclipse.jdt.ls.core.product -Djava.import.generatesMetadataFilesAtProjectRoot=false -DDetectVMInstallationsJob.disabled=true -Dfile.encoding=utf8 -XX:+UseParallelGC -XX:GCTimeRatio=4 -XX:AdaptiveSizePolicyWeight=90 -Dsun.zip.disableMemoryMapping=true -Xmx2G -Xms100m -Xlog:disable -javaagent:c:\Users\Angie\.antigravity\extensions\redhat.java-1.53.0-win32-x64\lombok\lombok-1.18.39-4050.jar -XX:+HeapDumpOnOutOfMemoryError -XX:HeapDumpPath=c:\Users\Angie\AppData\Roaming\Antigravity\User\workspaceStorage\e1b36e0ec165f8af3e196525ba6cf79d\redhat.java -Daether.dependencyCollector.impl=bf c:\Users\Angie\.antigravity\extensions\redhat.java-1.53.0-win32-x64\server\plugins\org.eclipse.equinox.launcher_1.7.100.v20251111-0406.jar -configuration c:\Users\Angie\AppData\Roaming\Antigravity\User\globalStorage\redhat.java\1.53.0\config_win -data c:\Users\Angie\AppData\Roaming\Antigravity\User\workspaceStorage\e1b36e0ec165f8af3e196525ba6cf79d\redhat.java\jdt_ws --pipe=\\.\pipe\lsp-9e794526e9954bbd59efa8c887a8c5b0-sock

Host: AMD Ryzen 5 5500U with Radeon Graphics         , 12 cores, 11G,  Windows 11 , 64 bit Build 26100 (10.0.26100.7705)
Time: Fri Mar  6 10:21:38 2026 Hora est. Pac璗ico, Sudam廨ica elapsed time: 11.138361 seconds (0d 0h 0m 11s)

---------------  T H R E A D  ---------------

Current thread (0x000001ae0a0a1c00):  JavaThread "C2 CompilerThread1" daemon [_thread_in_native, id=6544, stack(0x00000003dc800000,0x00000003dc900000) (1024K)]


Current CompileTask:
C2:11138 2109   !   4       org.eclipse.osgi.util.ManifestElement::parseHeader (708 bytes)

Stack: [0x00000003dc800000,0x00000003dc900000]
Native frames: (J=compiled Java code, j=interpreted, Vv=VM code, C=native code)
V  [jvm.dll+0x6d7a39]
V  [jvm.dll+0x8b4b26]
V  [jvm.dll+0x8b70de]
V  [jvm.dll+0x8b77c3]
V  [jvm.dll+0x284346]
V  [jvm.dll+0xc66ed]
V  [jvm.dll+0xc6c31]
V  [jvm.dll+0x3bec3b]
V  [jvm.dll+0x38b162]
V  [jvm.dll+0x38a5aa]
V  [jvm.dll+0x24c560]
V  [jvm.dll+0x24bb40]
V  [jvm.dll+0x1cb34e]
V  [jvm.dll+0x25b85d]
V  [jvm.dll+0x259dea]
V  [jvm.dll+0x3f857e]
V  [jvm.dll+0x85f59d]
V  [jvm.dll+0x6d626d]
C  [ucrtbase.dll+0x37b0]
C  [KERNEL32.DLL+0x2e8d7]
C  [ntdll.dll+0x8c40c]


---------------  P R O C E S S  ---------------

Threads class SMR info:
_java_thread_list=0x000001ae0594c290, length=30, elements={
0x000001ada92f8520, 0x000001adab683380, 0x000001ae031fd170, 0x000001adab68a6e0,
0x000001adab68d550, 0x000001adab68ed70, 0x000001adab6925a0, 0x000001adab69d3f0,
0x000001ae04462cb0, 0x000001ae04703a70, 0x000001ae0479c5c0, 0x000001ae05762aa0,
0x000001ae057d9e70, 0x000001ae057da8e0, 0x000001ae05b45190, 0x000001ae05b45800,
0x000001ae05b46480, 0x000001ae054883b0, 0x000001ae0a2a5280, 0x000001ae0a2a5fa0,
0x000001ae0a0a1c00, 0x000001ae0a2a6630, 0x000001ae0a2a4bf0, 0x000001ae05713760,
0x000001ae0a2a4560, 0x000001ae0a2a5910, 0x000001ae0a2a31b0, 0x000001ae0a2a3840,
0x000001ae0a2a3ed0, 0x000001ae0a8e8410
}

Java Threads: ( => current thread )
  0x000001ada92f8520 JavaThread "main"                              [_thread_blocked, id=21876, stack(0x00000003daa00000,0x00000003dab00000) (1024K)]
  0x000001adab683380 JavaThread "Reference Handler"          daemon [_thread_blocked, id=18148, stack(0x00000003dae00000,0x00000003daf00000) (1024K)]
  0x000001ae031fd170 JavaThread "Finalizer"                  daemon [_thread_blocked, id=23160, stack(0x00000003daf00000,0x00000003db000000) (1024K)]
  0x000001adab68a6e0 JavaThread "Signal Dispatcher"          daemon [_thread_blocked, id=13752, stack(0x00000003db000000,0x00000003db100000) (1024K)]
  0x000001adab68d550 JavaThread "Attach Listener"            daemon [_thread_blocked, id=14928, stack(0x00000003db100000,0x00000003db200000) (1024K)]
  0x000001adab68ed70 JavaThread "Service Thread"             daemon [_thread_blocked, id=24716, stack(0x00000003db200000,0x00000003db300000) (1024K)]
  0x000001adab6925a0 JavaThread "Monitor Deflation Thread"   daemon [_thread_blocked, id=4676, stack(0x00000003db300000,0x00000003db400000) (1024K)]
  0x000001adab69d3f0 JavaThread "C2 CompilerThread0"         daemon [_thread_in_native, id=2584, stack(0x00000003db400000,0x00000003db500000) (1024K)]
  0x000001ae04462cb0 JavaThread "C1 CompilerThread0"         daemon [_thread_in_native, id=16540, stack(0x00000003db500000,0x00000003db600000) (1024K)]
  0x000001ae04703a70 JavaThread "Common-Cleaner"             daemon [_thread_blocked, id=24460, stack(0x00000003db700000,0x00000003db800000) (1024K)]
  0x000001ae0479c5c0 JavaThread "Notification Thread"        daemon [_thread_blocked, id=21344, stack(0x00000003db800000,0x00000003db900000) (1024K)]
  0x000001ae05762aa0 JavaThread "Equinox resolver thread - Equinox Container: 8e1da4f2-c583-4724-884d-fe3d0870240d" daemon [_thread_in_Java, id=5340, stack(0x00000003dc000000,0x00000003dc100000) (1024K)]
  0x000001ae057d9e70 JavaThread "Equinox resolver thread - Equinox Container: 8e1da4f2-c583-4724-884d-fe3d0870240d" daemon [_thread_blocked, id=7508, stack(0x00000003dc100000,0x00000003dc200000) (1024K)]
  0x000001ae057da8e0 JavaThread "Equinox resolver thread - Equinox Container: 8e1da4f2-c583-4724-884d-fe3d0870240d" daemon [_thread_blocked, id=17624, stack(0x00000003dc200000,0x00000003dc300000) (1024K)]
  0x000001ae05b45190 JavaThread "Equinox resolver thread - Equinox Container: 8e1da4f2-c583-4724-884d-fe3d0870240d" daemon [_thread_blocked, id=6772, stack(0x00000003dc300000,0x00000003dc400000) (1024K)]
  0x000001ae05b45800 JavaThread "Equinox resolver thread - Equinox Container: 8e1da4f2-c583-4724-884d-fe3d0870240d" daemon [_thread_blocked, id=23488, stack(0x00000003dc400000,0x00000003dc500000) (1024K)]
  0x000001ae05b46480 JavaThread "Equinox resolver thread - Equinox Container: 8e1da4f2-c583-4724-884d-fe3d0870240d" daemon [_thread_blocked, id=25572, stack(0x00000003dc500000,0x00000003dc600000) (1024K)]
  0x000001ae054883b0 JavaThread "Active Thread: Equinox Container: 8e1da4f2-c583-4724-884d-fe3d0870240d"        [_thread_blocked, id=25376, stack(0x00000003dc600000,0x00000003dc700000) (1024K)]
  0x000001ae0a2a5280 JavaThread "Framework Event Dispatcher: Equinox Container: 8e1da4f2-c583-4724-884d-fe3d0870240d" daemon [_thread_blocked, id=20992, stack(0x00000003db600000,0x00000003db700000) (1024K)]
  0x000001ae0a2a5fa0 JavaThread "Start Level: Equinox Container: 8e1da4f2-c583-4724-884d-fe3d0870240d" daemon [_thread_blocked, id=11172, stack(0x00000003dbf00000,0x00000003dc000000) (1024K)]
=>0x000001ae0a0a1c00 JavaThread "C2 CompilerThread1"         daemon [_thread_in_native, id=6544, stack(0x00000003dc800000,0x00000003dc900000) (1024K)]
  0x000001ae0a2a6630 JavaThread "Bundle File Closer"         daemon [_thread_blocked, id=12112, stack(0x00000003dc900000,0x00000003dca00000) (1024K)]
  0x000001ae0a2a4bf0 JavaThread "Refresh Thread: Equinox Container: 8e1da4f2-c583-4724-884d-fe3d0870240d" daemon [_thread_in_vm, id=20808, stack(0x00000003dca00000,0x00000003dcb00000) (1024K)]
  0x000001ae05713760 JavaThread "C2 CompilerThread2"         daemon [_thread_in_native, id=9188, stack(0x00000003dcb00000,0x00000003dcc00000) (1024K)]
  0x000001ae0a2a4560 JavaThread "Equinox resolver thread - Equinox Container: 8e1da4f2-c583-4724-884d-fe3d0870240d" daemon [_thread_in_Java, id=16608, stack(0x00000003dcc00000,0x00000003dcd00000) (1024K)]
  0x000001ae0a2a5910 JavaThread "Equinox resolver thread - Equinox Container: 8e1da4f2-c583-4724-884d-fe3d0870240d" daemon [_thread_blocked, id=15172, stack(0x00000003dcd00000,0x00000003dce00000) (1024K)]
  0x000001ae0a2a31b0 JavaThread "Equinox resolver thread - Equinox Container: 8e1da4f2-c583-4724-884d-fe3d0870240d" daemon [_thread_blocked, id=17060, stack(0x00000003dce00000,0x00000003dcf00000) (1024K)]
  0x000001ae0a2a3840 JavaThread "Equinox resolver thread - Equinox Container: 8e1da4f2-c583-4724-884d-fe3d0870240d" daemon [_thread_blocked, id=15916, stack(0x00000003dcf00000,0x00000003dd000000) (1024K)]
  0x000001ae0a2a3ed0 JavaThread "Equinox resolver thread - Equinox Container: 8e1da4f2-c583-4724-884d-fe3d0870240d" daemon [_thread_blocked, id=25320, stack(0x00000003dd000000,0x00000003dd100000) (1024K)]
  0x000001ae0a8e8410 JavaThread "Equinox resolver thread - Equinox Container: 8e1da4f2-c583-4724-884d-fe3d0870240d" daemon [_thread_blocked, id=15800, stack(0x00000003dd100000,0x00000003dd200000) (1024K)]
Total: 30

Other Threads:
  0x000001adab67e890 VMThread "VM Thread"                           [id=21868, stack(0x00000003dad00000,0x00000003dae00000) (1024K)]
  0x000001ae030dca00 WatcherThread "VM Periodic Task Thread"        [id=7536, stack(0x00000003dac00000,0x00000003dad00000) (1024K)]
  0x000001adab5fca60 WorkerThread "GC Thread#0"                     [id=12960, stack(0x00000003dab00000,0x00000003dac00000) (1024K)]
  0x000001ae05753ea0 WorkerThread "GC Thread#1"                     [id=2348, stack(0x00000003db900000,0x00000003dba00000) (1024K)]
  0x000001ae058f5ee0 WorkerThread "GC Thread#2"                     [id=5440, stack(0x00000003dba00000,0x00000003dbb00000) (1024K)]
  0x000001ae058f6290 WorkerThread "GC Thread#3"                     [id=13940, stack(0x00000003dbb00000,0x00000003dbc00000) (1024K)]
  0x000001ae058f6640 WorkerThread "GC Thread#4"                     [id=23876, stack(0x00000003dbc00000,0x00000003dbd00000) (1024K)]
  0x000001ae0a119fd0 WorkerThread "GC Thread#5"                     [id=20088, stack(0x00000003dbd00000,0x00000003dbe00000) (1024K)]
  0x000001ae0a11a380 WorkerThread "GC Thread#6"                     [id=3500, stack(0x00000003dbe00000,0x00000003dbf00000) (1024K)]
  0x000001ae044a90c0 WorkerThread "GC Thread#7"                     [id=1256, stack(0x00000003dc700000,0x00000003dc800000) (1024K)]
Total: 10

Threads with active compile tasks:
C2 CompilerThread0  11178 2389       4       org.apache.felix.resolver.util.OpenHashMap::insert (236 bytes)
C1 CompilerThread0  11178 2393       3       org.apache.felix.resolver.util.OpenHashMap$MapIterator::<init> (6 bytes)
C2 CompilerThread1  11178 2109   !   4       org.eclipse.osgi.util.ManifestElement::parseHeader (708 bytes)
C2 CompilerThread2  11178 2391       4       java.util.concurrent.ThreadPoolExecutor::workerCountOf (5 bytes)
Total: 4

VM state: not at safepoint (normal execution)

VM Mutex/Monitor currently owned by a thread:  ([mutex/lock_event])
[0x00007ff90d87d060] MethodCompileQueue_lock - owner thread: 0x0000000000000000

Heap address: 0x0000000080000000, size: 2048 MB, Compressed Oops mode: 32-bit

CDS archive(s) mapped at: [0x000001adc2000000-0x000001adc2ba0000-0x000001adc2ba0000), size 12189696, SharedBaseAddress: 0x000001adc2000000, ArchiveRelocationMode: 1.
Compressed class space mapped at: 0x000001adc3000000-0x000001ae03000000, reserved size: 1073741824
Narrow klass base: 0x000001adc2000000, Narrow klass shift: 0, Narrow klass range: 0x100000000

GC Precious Log:
 CardTable entry size: 512
 CPUs: 12 total, 12 available
 Memory: 11598M
 Large Page Support: Disabled
 NUMA Support: Disabled
 Compressed Oops: Enabled (32-bit)
 Alignments: Space 512K, Generation 512K, Heap 2M
 Heap Min Capacity: 100M
 Heap Initial Capacity: 100M
 Heap Max Capacity: 2G
 Pre-touch: Disabled
 Parallel Workers: 10

Heap:
 PSYoungGen      total 29696K, used 14996K [0x00000000d5580000, 0x00000000d7680000, 0x0000000100000000)
  eden space 25600K, 42% used [0x00000000d5580000,0x00000000d6029068,0x00000000d6e80000)
  from space 4096K, 99% used [0x00000000d6e80000,0x00000000d727c1e8,0x00000000d7280000)
  to   space 4096K, 0% used [0x00000000d7280000,0x00000000d7280000,0x00000000d7680000)
 ParOldGen       total 68608K, used 4349K [0x0000000080000000, 0x0000000084300000, 0x00000000d5580000)
  object space 68608K, 6% used [0x0000000080000000,0x000000008043f568,0x0000000084300000)
 Metaspace       used 8949K, committed 9280K, reserved 1114112K
  class space    used 921K, committed 1088K, reserved 1048576K

Card table byte_map: [0x000001adaafb0000,0x000001adab3c0000] _byte_map_base: 0x000001adaabb0000

Marking Bits: (ParMarkBitMap*) 0x00007ff90d883450
 Begin Bits: [0x000001adbda90000, 0x000001adbfa90000)
 End Bits:   [0x000001adbfa90000, 0x000001adc1a90000)

Polling page: 0x000001adaada0000

Metaspace:

Usage:
  Non-class:      7.84 MB used.
      Class:    921.38 KB used.
       Both:      8.74 MB used.

Virtual space:
  Non-class space:       64.00 MB reserved,       8.00 MB ( 12%) committed,  1 nodes.
      Class space:        1.00 GB reserved,       1.06 MB ( <1%) committed,  1 nodes.
             Both:        1.06 GB reserved,       9.06 MB ( <1%) committed. 

Chunk freelists:
   Non-Class:  7.78 MB
       Class:  14.84 MB
        Both:  22.62 MB

MaxMetaspaceSize: unlimited
CompressedClassSpaceSize: 1.00 GB
Initial GC threshold: 21.00 MB
Current GC threshold: 21.00 MB
CDS: on
 - commit_granule_bytes: 65536.
 - commit_granule_words: 8192.
 - virtual_space_node_default_size: 8388608.
 - enlarge_chunks_in_place: 1.
 - use_allocation_guard: 0.


Internal statistics:

num_allocs_failed_limit: 0.
num_arena_births: 228.
num_arena_deaths: 0.
num_vsnodes_births: 2.
num_vsnodes_deaths: 0.
num_space_committed: 145.
num_space_uncommitted: 0.
num_chunks_returned_to_freelist: 0.
num_chunks_taken_from_freelist: 441.
num_chunk_merges: 0.
num_chunk_splits: 289.
num_chunks_enlarged: 198.
num_inconsistent_stats: 0.

CodeHeap 'non-profiled nmethods': size=120000Kb used=1002Kb max_used=1002Kb free=118997Kb
 bounds [0x000001adb62b0000, 0x000001adb6520000, 0x000001adbd7e0000]
CodeHeap 'profiled nmethods': size=120000Kb used=4641Kb max_used=4641Kb free=115358Kb
 bounds [0x000001adae7e0000, 0x000001adaec70000, 0x000001adb5d10000]
CodeHeap 'non-nmethods': size=5760Kb used=1217Kb max_used=1242Kb free=4542Kb
 bounds [0x000001adb5d10000, 0x000001adb5f80000, 0x000001adb62b0000]
CodeCache: size=245760Kb, used=6860Kb, max_used=6885Kb, free=238897Kb
 total_blobs=2858, nmethods=2380, adapters=384, full_count=0
Compilation: enabled, stopped_count=0, restarted_count=0

Compilation events (20 events):
Event: 11.128 Thread 0x000001ae05713760 2188       4       java.util.AbstractList::<init> (10 bytes)
Event: 11.128 Thread 0x000001ae05713760 nmethod 2188 0x000001adb639c510 code [0x000001adb639c6a0, 0x000001adb639c730]
Event: 11.128 Thread 0x000001ae05713760 2208       4       org.apache.felix.resolver.util.OpenHashMap::mix (13 bytes)
Event: 11.128 Thread 0x000001ae05713760 nmethod 2208 0x000001adb639c810 code [0x000001adb639c980, 0x000001adb639c9f8]
Event: 11.128 Thread 0x000001ae05713760 2145       4       java.lang.String::<init> (14 bytes)
Event: 11.130 Thread 0x000001ae04462cb0 2250       3       org.apache.felix.resolver.Candidates::getSelector (27 bytes)
Event: 11.130 Thread 0x000001ae04462cb0 nmethod 2250 0x000001adaec27e10 code [0x000001adaec27fe0, 0x000001adaec28408]
Event: 11.130 Thread 0x000001ae04462cb0 2251       3       org.apache.felix.resolver.util.CandidateSelector::isEmpty (20 bytes)
Event: 11.131 Thread 0x000001ae04462cb0 nmethod 2251 0x000001adaec28510 code [0x000001adaec286c0, 0x000001adaec28908]
Event: 11.131 Thread 0x000001ae04462cb0 2252       3       org.apache.felix.resolver.util.CandidateSelector::getCurrentCandidate (37 bytes)
Event: 11.131 Thread 0x000001ae04462cb0 nmethod 2252 0x000001adaec28a10 code [0x000001adaec28be0, 0x000001adaec29018]
Event: 11.131 Thread 0x000001ae04462cb0 2254       3       org.apache.felix.resolver.util.OpenHashMap::nextPowerOfTwo (53 bytes)
Event: 11.132 Thread 0x000001ae04462cb0 nmethod 2254 0x000001adaec29110 code [0x000001adaec292c0, 0x000001adaec29478]
Event: 11.132 Thread 0x000001ae04462cb0 2255       3       org.apache.felix.resolver.util.OpenHashMap::maxFill (16 bytes)
Event: 11.132 Thread 0x000001ae04462cb0 nmethod 2255 0x000001adaec29510 code [0x000001adaec296e0, 0x000001adaec29950]
Event: 11.132 Thread 0x000001ae04462cb0 2257       3       org.apache.felix.resolver.util.OpenHashMap::arraySize (70 bytes)
Event: 11.132 Thread 0x000001ae05713760 nmethod 2145 0x000001adb639cb10 code [0x000001adb639ccc0, 0x000001adb639d2d8]
Event: 11.133 Thread 0x000001ae05713760 2253       4       org.eclipse.osgi.container.ModuleCapability::getAttributes (39 bytes)
Event: 11.133 Thread 0x000001ae04462cb0 nmethod 2257 0x000001adaec29a90 code [0x000001adaec29d60, 0x000001adaec2a770]
Event: 11.133 Thread 0x000001ae04462cb0 2258       3       org.apache.felix.resolver.Candidates::populateSubstitutables (282 bytes)

GC Heap History (6 events):
Event: 1.350 GC heap before
{Heap before GC invocations=1 (full 0):
 PSYoungGen      total 29696K, used 25600K [0x00000000d5580000, 0x00000000d7680000, 0x0000000100000000)
  eden space 25600K, 100% used [0x00000000d5580000,0x00000000d6e80000,0x00000000d6e80000)
  from space 4096K, 0% used [0x00000000d7280000,0x00000000d7280000,0x00000000d7680000)
  to   space 4096K, 0% used [0x00000000d6e80000,0x00000000d6e80000,0x00000000d7280000)
 ParOldGen       total 68608K, used 0K [0x0000000080000000, 0x0000000084300000, 0x00000000d5580000)
  object space 68608K, 0% used [0x0000000080000000,0x0000000080000000,0x0000000084300000)
 Metaspace       used 4482K, committed 4672K, reserved 1114112K
  class space    used 491K, committed 576K, reserved 1048576K
}
Event: 1.358 GC heap after
{Heap after GC invocations=1 (full 0):
 PSYoungGen      total 29696K, used 3271K [0x00000000d5580000, 0x00000000d7680000, 0x0000000100000000)
  eden space 25600K, 0% used [0x00000000d5580000,0x00000000d5580000,0x00000000d6e80000)
  from space 4096K, 79% used [0x00000000d6e80000,0x00000000d71b1e98,0x00000000d7280000)
  to   space 4096K, 0% used [0x00000000d7280000,0x00000000d7280000,0x00000000d7680000)
 ParOldGen       total 68608K, used 16K [0x0000000080000000, 0x0000000084300000, 0x00000000d5580000)
  object space 68608K, 0% used [0x0000000080000000,0x0000000080004000,0x0000000084300000)
 Metaspace       used 4482K, committed 4672K, reserved 1114112K
  class space    used 491K, committed 576K, reserved 1048576K
}
Event: 10.670 GC heap before
{Heap before GC invocations=2 (full 0):
 PSYoungGen      total 29696K, used 28871K [0x00000000d5580000, 0x00000000d7680000, 0x0000000100000000)
  eden space 25600K, 100% used [0x00000000d5580000,0x00000000d6e80000,0x00000000d6e80000)
  from space 4096K, 79% used [0x00000000d6e80000,0x00000000d71b1e98,0x00000000d7280000)
  to   space 4096K, 0% used [0x00000000d7280000,0x00000000d7280000,0x00000000d7680000)
 ParOldGen       total 68608K, used 16K [0x0000000080000000, 0x0000000084300000, 0x00000000d5580000)
  object space 68608K, 0% used [0x0000000080000000,0x0000000080004000,0x0000000084300000)
 Metaspace       used 8374K, committed 8640K, reserved 1114112K
  class space    used 888K, committed 1024K, reserved 1048576K
}
Event: 10.674 GC heap after
{Heap after GC invocations=2 (full 0):
 PSYoungGen      total 29696K, used 4094K [0x00000000d5580000, 0x00000000d7680000, 0x0000000100000000)
  eden space 25600K, 0% used [0x00000000d5580000,0x00000000d5580000,0x00000000d6e80000)
  from space 4096K, 99% used [0x00000000d7280000,0x00000000d767fa40,0x00000000d7680000)
  to   space 4096K, 0% used [0x00000000d6e80000,0x00000000d6e80000,0x00000000d7280000)
 ParOldGen       total 68608K, used 88K [0x0000000080000000, 0x0000000084300000, 0x00000000d5580000)
  object space 68608K, 0% used [0x0000000080000000,0x0000000080016000,0x0000000084300000)
 Metaspace       used 8374K, committed 8640K, reserved 1114112K
  class space    used 888K, committed 1024K, reserved 1048576K
}
Event: 11.043 GC heap before
{Heap before GC invocations=3 (full 0):
 PSYoungGen      total 29696K, used 29694K [0x00000000d5580000, 0x00000000d7680000, 0x0000000100000000)
  eden space 25600K, 100% used [0x00000000d5580000,0x00000000d6e80000,0x00000000d6e80000)
  from space 4096K, 99% used [0x00000000d7280000,0x00000000d767fa40,0x00000000d7680000)
  to   space 4096K, 0% used [0x00000000d6e80000,0x00000000d6e80000,0x00000000d7280000)
 ParOldGen       total 68608K, used 88K [0x0000000080000000, 0x0000000084300000, 0x00000000d5580000)
  object space 68608K, 0% used [0x0000000080000000,0x0000000080016000,0x0000000084300000)
 Metaspace       used 8689K, committed 9088K, reserved 1114112K
  class space    used 904K, committed 1088K, reserved 1048576K
}
Event: 11.051 GC heap after
{Heap after GC invocations=3 (full 0):
 PSYoungGen      total 29696K, used 4080K [0x00000000d5580000, 0x00000000d7680000, 0x0000000100000000)
  eden space 25600K, 0% used [0x00000000d5580000,0x00000000d5580000,0x00000000d6e80000)
  from space 4096K, 99% used [0x00000000d6e80000,0x00000000d727c1e8,0x00000000d7280000)
  to   space 4096K, 0% used [0x00000000d7280000,0x00000000d7280000,0x00000000d7680000)
 ParOldGen       total 68608K, used 4349K [0x0000000080000000, 0x0000000084300000, 0x00000000d5580000)
  object space 68608K, 6% used [0x0000000080000000,0x000000008043f568,0x0000000084300000)
 Metaspace       used 8689K, committed 9088K, reserved 1114112K
  class space    used 904K, committed 1088K, reserved 1048576K
}

Dll operation events (9 events):
Event: 0.015 Loaded shared library c:\Users\Angie\.antigravity\extensions\redhat.java-1.53.0-win32-x64\jre\21.0.10-win32-x86_64\bin\java.dll
Event: 0.123 Loaded shared library c:\Users\Angie\.antigravity\extensions\redhat.java-1.53.0-win32-x64\jre\21.0.10-win32-x86_64\bin\zip.dll
Event: 0.160 Loaded shared library C:\Users\Angie\.antigravity\extensions\redhat.java-1.53.0-win32-x64\jre\21.0.10-win32-x86_64\bin\instrument.dll
Event: 0.171 Loaded shared library C:\Users\Angie\.antigravity\extensions\redhat.java-1.53.0-win32-x64\jre\21.0.10-win32-x86_64\bin\net.dll
Event: 0.175 Loaded shared library C:\Users\Angie\.antigravity\extensions\redhat.java-1.53.0-win32-x64\jre\21.0.10-win32-x86_64\bin\nio.dll
Event: 0.181 Loaded shared library C:\Users\Angie\.antigravity\extensions\redhat.java-1.53.0-win32-x64\jre\21.0.10-win32-x86_64\bin\zip.dll
Event: 0.214 Loaded shared library C:\Users\Angie\.antigravity\extensions\redhat.java-1.53.0-win32-x64\jre\21.0.10-win32-x86_64\bin\jimage.dll
Event: 0.335 Loaded shared library c:\Users\Angie\.antigravity\extensions\redhat.java-1.53.0-win32-x64\jre\21.0.10-win32-x86_64\bin\verify.dll
Event: 11.124 Loaded shared library C:\Users\Angie\AppData\Roaming\Antigravity\User\globalStorage\redhat.java\1.53.0\config_win\org.eclipse.equinox.launcher\org.eclipse.equinox.launcher.win32.win32.x86_64_1.3.0.v20260203-2149\eclipse_11919.dll

Deoptimization events (20 events):
Event: 10.921 Thread 0x000001ada92f8520 DEOPT PACKING pc=0x000001adb6388b6c sp=0x00000003daafe6a0
Event: 10.921 Thread 0x000001ada92f8520 DEOPT UNPACKING pc=0x000001adb5d63aa2 sp=0x00000003daafe660 mode 2
Event: 10.923 Thread 0x000001ada92f8520 DEOPT PACKING pc=0x000001adaeb954c9 sp=0x00000003daafe5c0
Event: 10.923 Thread 0x000001ada92f8520 DEOPT UNPACKING pc=0x000001adb5d64242 sp=0x00000003daafda30 mode 0
Event: 10.925 Thread 0x000001ada92f8520 DEOPT PACKING pc=0x000001adaeb954c9 sp=0x00000003daafe9f0
Event: 10.925 Thread 0x000001ada92f8520 DEOPT UNPACKING pc=0x000001adb5d64242 sp=0x00000003daafde78 mode 0
Event: 10.928 Thread 0x000001ada92f8520 DEOPT PACKING pc=0x000001adaeb954c9 sp=0x00000003daafe5e0
Event: 10.928 Thread 0x000001ada92f8520 DEOPT UNPACKING pc=0x000001adb5d64242 sp=0x00000003daafda50 mode 0
Event: 10.928 Thread 0x000001ada92f8520 DEOPT PACKING pc=0x000001adaeb954c9 sp=0x00000003daafe5e0
Event: 10.928 Thread 0x000001ada92f8520 DEOPT UNPACKING pc=0x000001adb5d64242 sp=0x00000003daafda50 mode 0
Event: 10.928 Thread 0x000001ada92f8520 DEOPT PACKING pc=0x000001adaeb954c9 sp=0x00000003daafe5e0
Event: 10.928 Thread 0x000001ada92f8520 DEOPT UNPACKING pc=0x000001adb5d64242 sp=0x00000003daafda50 mode 0
Event: 10.931 Thread 0x000001ada92f8520 DEOPT PACKING pc=0x000001adaeb954c9 sp=0x00000003daafe5e0
Event: 10.931 Thread 0x000001ada92f8520 DEOPT UNPACKING pc=0x000001adb5d64242 sp=0x00000003daafda50 mode 0
Event: 10.931 Thread 0x000001ada92f8520 DEOPT PACKING pc=0x000001adaeb954c9 sp=0x00000003daafe620
Event: 10.931 Thread 0x000001ada92f8520 DEOPT UNPACKING pc=0x000001adb5d64242 sp=0x00000003daafda90 mode 0
Event: 11.054 Thread 0x000001ae0a2a4bf0 Uncommon trap: trap_request=0xffffff45 fr.pc=0x000001adb6331dc8 relative=0x0000000000000308
Event: 11.054 Thread 0x000001ae0a2a4bf0 Uncommon trap: reason=unstable_if action=reinterpret pc=0x000001adb6331dc8 method=java.util.HashMap$HashIterator.<init>(Ljava/util/HashMap;)V @ 45 c2
Event: 11.054 Thread 0x000001ae0a2a4bf0 DEOPT PACKING pc=0x000001adb6331dc8 sp=0x00000003dcafecb0
Event: 11.054 Thread 0x000001ae0a2a4bf0 DEOPT UNPACKING pc=0x000001adb5d63aa2 sp=0x00000003dcafeb80 mode 2

Classes loaded (20 events):
Event: 2.015 Loading class java/security/KeyStoreException
Event: 2.015 Loading class java/security/KeyStoreException done
Event: 2.022 Loading class java/lang/Thread$Builder$OfPlatform
Event: 2.022 Loading class java/lang/Thread$Builder
Event: 2.022 Loading class java/lang/Thread$Builder done
Event: 2.022 Loading class java/lang/Thread$Builder$OfPlatform done
Event: 2.022 Loading class java/lang/Thread$Builder$OfVirtual
Event: 2.022 Loading class java/lang/Thread$Builder$OfVirtual done
Event: 10.665 Loading class java/util/MissingResourceException
Event: 10.666 Loading class java/util/MissingResourceException done
Event: 11.041 Loading class java/util/ArrayList$ListItr
Event: 11.041 Loading class java/util/ArrayList$ListItr done
Event: 11.055 Loading class java/util/Collections$ReverseComparator
Event: 11.055 Loading class java/util/Collections$ReverseComparator done
Event: 11.055 Loading class java/util/Comparators$NaturalOrderComparator
Event: 11.056 Loading class java/util/Comparators$NaturalOrderComparator done
Event: 11.056 Loading class java/util/Collections$ReverseComparator2
Event: 11.056 Loading class java/util/Collections$ReverseComparator2 done
Event: 11.124 Loading class java/util/concurrent/locks/AbstractQueuedSynchronizer$SharedNode
Event: 11.125 Loading class java/util/concurrent/locks/AbstractQueuedSynchronizer$SharedNode done

Classes unloaded (0 events):
No events

Classes redefined (0 events):
No events

Internal exceptions (20 events):
Event: 1.371 Thread 0x000001ada92f8520 Exception <a 'java/lang/ClassNotFoundException'{0x00000000d55d9968}: sun/net/www/protocol/c/Handler> (0x00000000d55d9968) 
thrown [s\src\hotspot\share\classfile\systemDictionary.cpp, line 312]
Event: 1.371 Thread 0x000001ada92f8520 Exception <a 'java/lang/ClassNotFoundException'{0x00000000d55dad50}: sun/net/www/protocol/c/Handler> (0x00000000d55dad50) 
thrown [s\src\hotspot\share\classfile\systemDictionary.cpp, line 312]
Event: 1.371 Thread 0x000001ada92f8520 Exception <a 'java/lang/ClassNotFoundException'{0x00000000d55dbfb0}: sun/net/www/protocol/c/Handler> (0x00000000d55dbfb0) 
thrown [s\src\hotspot\share\classfile\systemDictionary.cpp, line 312]
Event: 1.381 Thread 0x000001ada92f8520 Exception <a 'java/io/FileNotFoundException'{0x00000000d560e2b0}> (0x00000000d560e2b0) 
thrown [s\src\hotspot\share\prims\jni.cpp, line 520]
Event: 1.425 Thread 0x000001ada92f8520 Implicit null exception at 0x000001adb630e4c9 to 0x000001adb630ee38
Event: 1.425 Thread 0x000001ada92f8520 Implicit null exception at 0x000001adb631199a to 0x000001adb6311ba0
Event: 1.425 Thread 0x000001ada92f8520 Exception <a 'java/lang/NoSuchMethodError'{0x00000000d573dd78}: 'void java.lang.invoke.DirectMethodHandle$Holder.invokeStatic(java.lang.Object, java.lang.Object, java.lang.Object, java.lang.Object)'> (0x00000000d573dd78) 
thrown [s\src\hotspot\share\interpreter\linkResolver.cpp, line 773]
Event: 1.427 Thread 0x000001ada92f8520 Implicit null exception at 0x000001adb631731a to 0x000001adb6317524
Event: 1.427 Thread 0x000001ada92f8520 Implicit null exception at 0x000001adb63106bd to 0x000001adb6310741
Event: 1.548 Thread 0x000001ada92f8520 Exception <a 'java/lang/NoSuchMethodError'{0x00000000d5b7de38}: 'int java.lang.invoke.DirectMethodHandle$Holder.invokeVirtual(java.lang.Object, java.lang.Object)'> (0x00000000d5b7de38) 
thrown [s\src\hotspot\share\interpreter\linkResolver.cpp, line 773]
Event: 1.838 Thread 0x000001ada92f8520 Exception <a 'java/lang/IncompatibleClassChangeError'{0x00000000d654a890}: Found class java.lang.Object, but interface was expected> (0x00000000d654a890) 
thrown [s\src\hotspot\share\interpreter\linkResolver.cpp, line 840]
Event: 1.839 Thread 0x000001ada92f8520 Exception <a 'java/lang/NoSuchMethodError'{0x00000000d6553330}: 'void java.lang.invoke.DirectMethodHandle$Holder.invokeInterface(java.lang.Object, java.lang.Object, java.lang.Object)'> (0x00000000d6553330) 
thrown [s\src\hotspot\share\interpreter\linkResolver.cpp, line 773]
Event: 1.870 Thread 0x000001ada92f8520 Exception <a 'java/lang/NoSuchMethodError'{0x00000000d67c5ee8}: 'int java.lang.invoke.DirectMethodHandle$Holder.invokeStaticInit(java.lang.Object, java.lang.Object, java.lang.Object, java.lang.Object)'> (0x00000000d67c5ee8) 
thrown [s\src\hotspot\share\interpreter\linkResolver.cpp, line 773]
Event: 1.872 Thread 0x000001ada92f8520 Exception <a 'java/lang/NoSuchMethodError'{0x00000000d67d06f8}: 'void java.lang.invoke.DirectMethodHandle$Holder.invokeStaticInit(java.lang.Object, java.lang.Object)'> (0x00000000d67d06f8) 
thrown [s\src\hotspot\share\interpreter\linkResolver.cpp, line 773]
Event: 1.873 Thread 0x000001ada92f8520 Exception <a 'java/lang/NoSuchMethodError'{0x00000000d67d5bf8}: 'int java.lang.invoke.DirectMethodHandle$Holder.invokeStaticInit(java.lang.Object, java.lang.Object)'> (0x00000000d67d5bf8) 
thrown [s\src\hotspot\share\interpreter\linkResolver.cpp, line 773]
Event: 1.936 Thread 0x000001ada92f8520 Exception <a 'java/lang/NoSuchMethodError'{0x00000000d69be138}: 'java.lang.Object java.lang.invoke.DirectMethodHandle$Holder.newInvokeSpecial(java.lang.Object, int, java.lang.Object)'> (0x00000000d69be138) 
thrown [s\src\hotspot\share\interpreter\linkResolver.cpp, line 773]
Event: 1.983 Thread 0x000001ada92f8520 Exception <a 'java/lang/ClassNotFoundException'{0x00000000d6b388f8}: sun/net/www/protocol/plurl/Handler> (0x00000000d6b388f8) 
thrown [s\src\hotspot\share\classfile\systemDictionary.cpp, line 312]
Event: 1.983 Thread 0x000001ada92f8520 Exception <a 'java/lang/ClassNotFoundException'{0x00000000d6b39778}: sun/net/www/protocol/plurl/Handler> (0x00000000d6b39778) 
thrown [s\src\hotspot\share\classfile\systemDictionary.cpp, line 312]
Event: 1.992 Thread 0x000001ada92f8520 Exception <a 'java/lang/NoSuchMethodError'{0x00000000d6b79120}: 'void java.lang.invoke.DirectMethodHandle$Holder.invokeSpecial(java.lang.Object, java.lang.Object, java.lang.Object)'> (0x00000000d6b79120) 
thrown [s\src\hotspot\share\interpreter\linkResolver.cpp, line 773]
Event: 11.034 Thread 0x000001ada92f8520 Exception <a 'java/lang/UnsatisfiedLinkError'{0x00000000d6dff698}: 'void org.eclipse.equinox.launcher.JNIBridge._update_splash()'> (0x00000000d6dff698) 
thrown [s\src\hotspot\share\prims\nativeLookup.cpp, line 415]

ZGC Phase Switch (0 events):
No events

VM Operations (20 events):
Event: 1.339 Executing non-safepoint VM operation: HandshakeAllThreads (Deoptimize)
Event: 1.339 Executing non-safepoint VM operation: HandshakeAllThreads (Deoptimize) done
Event: 1.350 Executing safepoint VM operation: ParallelGCFailedAllocation (Allocation Failure)
Event: 1.358 Executing safepoint VM operation: ParallelGCFailedAllocation (Allocation Failure) done
Event: 1.757 Executing non-safepoint VM operation: HandshakeAllThreads (Deoptimize)
Event: 1.757 Executing non-safepoint VM operation: HandshakeAllThreads (Deoptimize) done
Event: 1.898 Executing non-safepoint VM operation: HandshakeAllThreads (Deoptimize)
Event: 1.898 Executing non-safepoint VM operation: HandshakeAllThreads (Deoptimize) done
Event: 1.977 Executing non-safepoint VM operation: HandshakeAllThreads (Deoptimize)
Event: 1.977 Executing non-safepoint VM operation: HandshakeAllThreads (Deoptimize) done
Event: 2.991 Executing safepoint VM operation: Cleanup
Event: 2.991 Executing safepoint VM operation: Cleanup done
Event: 10.670 Executing safepoint VM operation: ParallelGCFailedAllocation (Allocation Failure)
Event: 10.674 Executing safepoint VM operation: ParallelGCFailedAllocation (Allocation Failure) done
Event: 11.041 Executing non-safepoint VM operation: HandshakeAllThreads (Deoptimize)
Event: 11.041 Executing non-safepoint VM operation: HandshakeAllThreads (Deoptimize) done
Event: 11.043 Executing safepoint VM operation: ParallelGCFailedAllocation (Allocation Failure)
Event: 11.052 Executing safepoint VM operation: ParallelGCFailedAllocation (Allocation Failure) done
Event: 11.109 Executing non-safepoint VM operation: HandshakeAllThreads (Deoptimize)
Event: 11.127 Executing non-safepoint VM operation: HandshakeAllThreads (Deoptimize) done

Memory protections (0 events):
No events

Nmethod flushes (0 events):
No events

Events (20 events):
Event: 0.164 Thread 0x000001ada92f8520 Thread added: 0x000001ae04703a70
Event: 0.561 Thread 0x000001ada92f8520 Thread added: 0x000001ae0479c5c0
Event: 0.727 Thread 0x000001ae045ce400 Thread added: 0x000001ae0549ee40
Event: 1.176 Thread 0x000001ae0549ee40 Thread exited: 0x000001ae0549ee40
Event: 1.582 Thread 0x000001ae04462cb0 Thread added: 0x000001ae0a280070
Event: 1.821 Thread 0x000001ada92f8520 Thread added: 0x000001ae05762aa0
Event: 1.822 Thread 0x000001ae05762aa0 Thread added: 0x000001ae057d9e70
Event: 1.828 Thread 0x000001ada92f8520 Thread added: 0x000001ae057da8e0
Event: 1.831 Thread 0x000001ada92f8520 Thread added: 0x000001ae05b45190
Event: 1.833 Thread 0x000001ada92f8520 Thread added: 0x000001ae05b45800
Event: 1.835 Thread 0x000001ada92f8520 Thread added: 0x000001ae05b46480
Event: 1.882 Thread 0x000001ada92f8520 Thread added: 0x000001ae054883b0
Event: 2.193 Thread 0x000001ae0a280070 Thread exited: 0x000001ae0a280070
Event: 2.193 Thread 0x000001ae045ce400 Thread exited: 0x000001ae045ce400
Event: 10.664 Thread 0x000001ada92f8520 Thread added: 0x000001ae0a2a5280
Event: 10.667 Thread 0x000001ada92f8520 Thread added: 0x000001ae0a2a5fa0
Event: 10.686 Thread 0x000001ae04462cb0 Thread added: 0x000001ae0a0a1c00
Event: 10.986 Thread 0x000001ada92f8520 Thread added: 0x000001ae0a2a6630
Event: 11.033 Thread 0x000001ada92f8520 Thread added: 0x000001ae0a2a4bf0
Event: 11.082 Thread 0x000001ae04462cb0 Thread added: 0x000001ae05713760


Dynamic libraries:
0x00007ff6eb350000 - 0x00007ff6eb35e000 	c:\Users\Angie\.antigravity\extensions\redhat.java-1.53.0-win32-x64\jre\21.0.10-win32-x86_64\bin\java.exe
0x00007ff9bf0a0000 - 0x00007ff9bf308000 	C:\WINDOWS\SYSTEM32\ntdll.dll
0x00007ff9be3a0000 - 0x00007ff9be469000 	C:\WINDOWS\System32\KERNEL32.DLL
0x00007ff9bc810000 - 0x00007ff9bcc01000 	C:\WINDOWS\System32\KERNELBASE.dll
0x00007ff9bbd70000 - 0x00007ff9bbebb000 	C:\WINDOWS\System32\ucrtbase.dll
0x00007ff9ad370000 - 0x00007ff9ad388000 	c:\Users\Angie\.antigravity\extensions\redhat.java-1.53.0-win32-x64\jre\21.0.10-win32-x86_64\bin\jli.dll
0x00007ff9ac960000 - 0x00007ff9ac97e000 	c:\Users\Angie\.antigravity\extensions\redhat.java-1.53.0-win32-x64\jre\21.0.10-win32-x86_64\bin\VCRUNTIME140.dll
0x00007ff9bd6c0000 - 0x00007ff9bd886000 	C:\WINDOWS\System32\USER32.dll
0x00007ff9a6020000 - 0x00007ff9a62b3000 	C:\WINDOWS\WinSxS\amd64_microsoft.windows.common-controls_6595b64144ccf1df_6.0.26100.7824_none_3e0870b2e3345462\COMCTL32.dll
0x00007ff9bc730000 - 0x00007ff9bc757000 	C:\WINDOWS\System32\win32u.dll
0x00007ff9be540000 - 0x00007ff9be56b000 	C:\WINDOWS\System32\GDI32.dll
0x00007ff9bd190000 - 0x00007ff9bd239000 	C:\WINDOWS\System32\msvcrt.dll
0x00007ff9bbac0000 - 0x00007ff9bbbeb000 	C:\WINDOWS\System32\gdi32full.dll
0x00007ff9bb980000 - 0x00007ff9bba23000 	C:\WINDOWS\System32\msvcp_win.dll
0x00007ff9be6b0000 - 0x00007ff9be6e1000 	C:\WINDOWS\System32\IMM32.DLL
0x00007ff9ad360000 - 0x00007ff9ad36c000 	c:\Users\Angie\.antigravity\extensions\redhat.java-1.53.0-win32-x64\jre\21.0.10-win32-x86_64\bin\vcruntime140_1.dll
0x00007ff97ca20000 - 0x00007ff97caad000 	c:\Users\Angie\.antigravity\extensions\redhat.java-1.53.0-win32-x64\jre\21.0.10-win32-x86_64\bin\msvcp140.dll
0x00007ff90cbc0000 - 0x00007ff90d961000 	c:\Users\Angie\.antigravity\extensions\redhat.java-1.53.0-win32-x64\jre\21.0.10-win32-x86_64\bin\server\jvm.dll
0x00007ff9be470000 - 0x00007ff9be524000 	C:\WINDOWS\System32\ADVAPI32.dll
0x00007ff9bde60000 - 0x00007ff9bdf06000 	C:\WINDOWS\System32\sechost.dll
0x00007ff9bd240000 - 0x00007ff9bd358000 	C:\WINDOWS\System32\RPCRT4.dll
0x00007ff9bd640000 - 0x00007ff9bd6b4000 	C:\WINDOWS\System32\WS2_32.dll
0x00007ff9bb7e0000 - 0x00007ff9bb83e000 	C:\WINDOWS\SYSTEM32\POWRPROF.dll
0x00007ff9b4130000 - 0x00007ff9b413b000 	C:\WINDOWS\SYSTEM32\VERSION.dll
0x00007ff9b40f0000 - 0x00007ff9b4125000 	C:\WINDOWS\SYSTEM32\WINMM.dll
0x00007ff9bb7c0000 - 0x00007ff9bb7d4000 	C:\WINDOWS\SYSTEM32\UMPDC.dll
0x00007ff9ba720000 - 0x00007ff9ba73b000 	C:\WINDOWS\SYSTEM32\kernel.appcore.dll
0x00007ff9ad2f0000 - 0x00007ff9ad2fa000 	c:\Users\Angie\.antigravity\extensions\redhat.java-1.53.0-win32-x64\jre\21.0.10-win32-x86_64\bin\jimage.dll
0x00007ff9b09d0000 - 0x00007ff9b0c12000 	C:\WINDOWS\SYSTEM32\DBGHELP.DLL
0x00007ff9bdad0000 - 0x00007ff9bde56000 	C:\WINDOWS\System32\combase.dll
0x00007ff9bcf20000 - 0x00007ff9bcff7000 	C:\WINDOWS\System32\OLEAUT32.dll
0x00007ff9a6af0000 - 0x00007ff9a6b2b000 	C:\WINDOWS\SYSTEM32\dbgcore.DLL
0x00007ff9bc760000 - 0x00007ff9bc805000 	C:\WINDOWS\System32\bcryptPrimitives.dll
0x00007ff9ac930000 - 0x00007ff9ac93f000 	c:\Users\Angie\.antigravity\extensions\redhat.java-1.53.0-win32-x64\jre\21.0.10-win32-x86_64\bin\instrument.dll
0x00007ff9a9dc0000 - 0x00007ff9a9de0000 	c:\Users\Angie\.antigravity\extensions\redhat.java-1.53.0-win32-x64\jre\21.0.10-win32-x86_64\bin\java.dll
0x00007ff9be710000 - 0x00007ff9bee62000 	C:\WINDOWS\System32\SHELL32.dll
0x00007ff9bcc10000 - 0x00007ff9bcd7a000 	C:\WINDOWS\System32\wintypes.dll
0x00007ff9bbec0000 - 0x00007ff9bc723000 	C:\WINDOWS\System32\windows.storage.dll
0x00007ff9bd080000 - 0x00007ff9bd176000 	C:\WINDOWS\System32\SHCORE.dll
0x00007ff9bee80000 - 0x00007ff9beee7000 	C:\WINDOWS\System32\shlwapi.dll
0x00007ff9bb8a0000 - 0x00007ff9bb8c9000 	C:\WINDOWS\SYSTEM32\profapi.dll
0x00007ff9a80f0000 - 0x00007ff9a8108000 	c:\Users\Angie\.antigravity\extensions\redhat.java-1.53.0-win32-x64\jre\21.0.10-win32-x86_64\bin\zip.dll
0x00007ff9ac780000 - 0x00007ff9ac790000 	C:\Users\Angie\.antigravity\extensions\redhat.java-1.53.0-win32-x64\jre\21.0.10-win32-x86_64\bin\net.dll
0x00007ff9b61b0000 - 0x00007ff9b62d7000 	C:\WINDOWS\SYSTEM32\WINHTTP.dll
0x00007ff9bac90000 - 0x00007ff9bacfb000 	C:\WINDOWS\system32\mswsock.dll
0x00007ff997d60000 - 0x00007ff997d76000 	C:\Users\Angie\.antigravity\extensions\redhat.java-1.53.0-win32-x64\jre\21.0.10-win32-x86_64\bin\nio.dll
0x00007ff9aaff0000 - 0x00007ff9ab000000 	c:\Users\Angie\.antigravity\extensions\redhat.java-1.53.0-win32-x64\jre\21.0.10-win32-x86_64\bin\verify.dll
0x00007ff991780000 - 0x00007ff9917c5000 	C:\Users\Angie\AppData\Roaming\Antigravity\User\globalStorage\redhat.java\1.53.0\config_win\org.eclipse.equinox.launcher\org.eclipse.equinox.launcher.win32.win32.x86_64_1.3.0.v20260203-2149\eclipse_11919.dll
0x00007ff9bd890000 - 0x00007ff9bda27000 	C:\WINDOWS\System32\ole32.dll

JVMTI agents:
c:\Users\Angie\.antigravity\extensions\redhat.java-1.53.0-win32-x64\lombok\lombok-1.18.39-4050.jar path:c:\Users\Angie\.antigravity\extensions\redhat.java-1.53.0-win32-x64\jre\21.0.10-win32-x86_64\bin\instrument.dll, loaded, initialized, instrumentlib options:none

dbghelp: loaded successfully - version: 4.0.5 - missing functions: none
symbol engine: initialized successfully - sym options: 0x614 - pdb path: .;c:\Users\Angie\.antigravity\extensions\redhat.java-1.53.0-win32-x64\jre\21.0.10-win32-x86_64\bin;C:\WINDOWS\SYSTEM32;C:\WINDOWS\WinSxS\amd64_microsoft.windows.common-controls_6595b64144ccf1df_6.0.26100.7824_none_3e0870b2e3345462;c:\Users\Angie\.antigravity\extensions\redhat.java-1.53.0-win32-x64\jre\21.0.10-win32-x86_64\bin\server;C:\Users\Angie\AppData\Roaming\Antigravity\User\globalStorage\redhat.java\1.53.0\config_win\org.eclipse.equinox.launcher\org.eclipse.equinox.launcher.win32.win32.x86_64_1.3.0.v20260203-2149

VM Arguments:
jvm_args: --add-modules=ALL-SYSTEM --add-opens=java.base/java.util=ALL-UNNAMED --add-opens=java.base/java.lang=ALL-UNNAMED --add-opens=java.base/sun.nio.fs=ALL-UNNAMED -Declipse.application=org.eclipse.jdt.ls.core.id1 -Dosgi.bundles.defaultStartLevel=4 -Declipse.product=org.eclipse.jdt.ls.core.product -Djava.import.generatesMetadataFilesAtProjectRoot=false -DDetectVMInstallationsJob.disabled=true -Dfile.encoding=utf8 -XX:+UseParallelGC -XX:GCTimeRatio=4 -XX:AdaptiveSizePolicyWeight=90 -Dsun.zip.disableMemoryMapping=true -Xmx2G -Xms100m -Xlog:disable -javaagent:c:\Users\Angie\.antigravity\extensions\redhat.java-1.53.0-win32-x64\lombok\lombok-1.18.39-4050.jar -XX:+HeapDumpOnOutOfMemoryError -XX:HeapDumpPath=c:\Users\Angie\AppData\Roaming\Antigravity\User\workspaceStorage\e1b36e0ec165f8af3e196525ba6cf79d\redhat.java -Daether.dependencyCollector.impl=bf 
java_command: c:\Users\Angie\.antigravity\extensions\redhat.java-1.53.0-win32-x64\server\plugins\org.eclipse.equinox.launcher_1.7.100.v20251111-0406.jar -configuration c:\Users\Angie\AppData\Roaming\Antigravity\User\globalStorage\redhat.java\1.53.0\config_win -data c:\Users\Angie\AppData\Roaming\Antigravity\User\workspaceStorage\e1b36e0ec165f8af3e196525ba6cf79d\redhat.java\jdt_ws --pipe=\\.\pipe\lsp-9e794526e9954bbd59efa8c887a8c5b0-sock
java_class_path (initial): c:\Users\Angie\.antigravity\extensions\redhat.java-1.53.0-win32-x64\server\plugins\org.eclipse.equinox.launcher_1.7.100.v20251111-0406.jar
Launcher Type: SUN_STANDARD

[Global flags]
    uintx AdaptiveSizePolicyWeight                 = 90                                        {product} {command line}
     intx CICompilerCount                          = 4                                         {product} {ergonomic}
    uintx GCTimeRatio                              = 4                                         {product} {command line}
     bool HeapDumpOnOutOfMemoryError               = true                                   {manageable} {command line}
    ccstr HeapDumpPath                             = c:\Users\Angie\AppData\Roaming\Antigravity\User\workspaceStorage\e1b36e0ec165f8af3e196525ba6cf79d\redhat.java         {manageable} {command line}
   size_t InitialHeapSize                          = 104857600                                 {product} {command line}
   size_t MaxHeapSize                              = 2147483648                                {product} {command line}
   size_t MaxNewSize                               = 715653120                                 {product} {ergonomic}
   size_t MinHeapDeltaBytes                        = 524288                                    {product} {ergonomic}
   size_t MinHeapSize                              = 104857600                                 {product} {command line}
   size_t NewSize                                  = 34603008                                  {product} {ergonomic}
    uintx NonNMethodCodeHeapSize                   = 5839372                                {pd product} {ergonomic}
    uintx NonProfiledCodeHeapSize                  = 122909434                              {pd product} {ergonomic}
   size_t OldSize                                  = 70254592                                  {product} {ergonomic}
    uintx ProfiledCodeHeapSize                     = 122909434                              {pd product} {ergonomic}
    uintx ReservedCodeCacheSize                    = 251658240                              {pd product} {ergonomic}
     bool SegmentedCodeCache                       = true                                      {product} {ergonomic}
   size_t SoftMaxHeapSize                          = 2147483648                             {manageable} {ergonomic}
     bool UseCompressedOops                        = true                           {product lp64_product} {ergonomic}
     bool UseLargePagesIndividualAllocation        = false                                  {pd product} {ergonomic}
     bool UseParallelGC                            = true                                      {product} {command line}

Logging:
Log output configuration:
 #0: stdout all=off uptime,level,tags foldmultilines=false
 #1: stderr all=off uptime,level,tags foldmultilines=false

Release file:
JAVA_VERSION="21.0.10" 
MODULES="java.base java.compiler java.datatransfer java.xml java.prefs java.desktop java.instrument java.logging java.management java.security.sasl java.naming java.rmi java.management.rmi java.net.http java.scripting java.security.jgss java.transaction.xa java.sql java.sql.rowset java.xml.crypto java.se java.smartcardio jdk.accessibility jdk.internal.jvmstat jdk.attach jdk.charsets jdk.internal.opt jdk.zipfs jdk.compiler jdk.crypto.ec jdk.crypto.cryptoki jdk.crypto.mscapi jdk.dynalink jdk.internal.ed jdk.editpad jdk.hotspot.agent jdk.httpserver jdk.internal.le jdk.internal.vm.ci jdk.internal.vm.compiler jdk.internal.vm.compiler.management jdk.jartool jdk.javadoc jdk.jcmd jdk.management jdk.management.agent jdk.jconsole jdk.jdeps jdk.jdwp.agent jdk.jdi jdk.jfr jdk.jshell jdk.jsobject jdk.jstatd jdk.localedata jdk.management.jfr jdk.naming.dns jdk.naming.rmi jdk.net jdk.nio.mapmode jdk.random jdk.sctp jdk.security.auth jdk.security.jgss jdk.unsupported jdk.unsupported.desktop jdk.xml.dom" 

Environment Variables:
PATH=C:\app\Angie\product\21c\dbhomeXE\bin;C:\Python313\Scripts\;C:\Python313\;C:\Program Files (x86)\Common Files\Oracle\Java\java8path;C:\Program Files (x86)\Common Files\Oracle\Java\javapath;C:\WINDOWS\system32;C:\WINDOWS;C:\WINDOWS\System32\Wbem;C:\WINDOWS\System32\WindowsPowerShell\v1.0\;C:\WINDOWS\System32\OpenSSH\;C:\Program Files\apache-maven-3.9.4\bin;C:\Program Files\Docker\Docker\resources\bin;C:\ProgramData\chocolatey\bin;C:\Program Files (x86)\Microsoft SQL Server\160\Tools\Binn\;C:\Program Files\Microsoft SQL Server\160\Tools\Binn\;C:\Program Files\Microsoft SQL Server\Client SDK\ODBC\170\Tools\Binn\;C:\Program Files\Microsoft SQL Server\160\DTS\Binn\;C:\Program Files\MATLAB\R2025a\bin;C:\Program Files\Git\cmd;C:\Program Files\nodejs\;C:\Program Files\dotnet\;C:\Program Files\Microsoft SQL Server\170\Tools\Binn\;C:\Users\Angie\AppData\Local\Microsoft\WindowsApps;C:\Users\Angie\AppData\Local\Programs\Microsoft VS Code\bin;C:\Users\Angie\AppData\Local\GitHubDesktop\bin;C:\Users\Angie\AppData\Local\JetBrains\Toolbox\scripts;C:\Users\Angie\AppData\Local\Programs\Windsurf\bin;C:\Program Files\MongoDB\Server\8.2\bin;C:\Users\Angie\AppData\Local\Programs\mongosh\;C:\Program Files\MongoDB\Tools\100\bin;C:\Users\Angie\AppData\Roaming\npm;C:\Users\Angie\.dotnet\tools;C:\Users\Angie\AppData\Local\Programs\Antigravity\bin
USERNAME=Angie
OS=Windows_NT
PROCESSOR_IDENTIFIER=AMD64 Family 23 Model 104 Stepping 1, AuthenticAMD
TMP=C:\Users\Angie\AppData\Local\Temp
TEMP=C:\Users\Angie\AppData\Local\Temp




Periodic native trim disabled

---------------  S Y S T E M  ---------------

OS:
 Windows 11 , 64 bit Build 26100 (10.0.26100.7705)
OS uptime: 1 days 2:58 hours
Hyper-V role detected

CPU: total 12 (initial active 12) (12 cores per cpu, 2 threads per core) family 23 model 104 stepping 1 microcode 0x8608104, cx8, cmov, fxsr, ht, mmx, 3dnowpref, sse, sse2, sse3, ssse3, sse4a, sse4.1, sse4.2, popcnt, lzcnt, tsc, tscinvbit, avx, avx2, aes, clmul, bmi1, bmi2, adx, sha, fma, vzeroupper, clflush, clflushopt, hv, rdtscp, rdpid, f16c
Processor Information for processor 0
  Max Mhz: 2100, Current Mhz: 2100, Mhz Limit: 2100
Processor Information for processor 1
  Max Mhz: 2100, Current Mhz: 1813, Mhz Limit: 2100
Processor Information for processor 2
  Max Mhz: 2100, Current Mhz: 2100, Mhz Limit: 2100
Processor Information for processor 3
  Max Mhz: 2100, Current Mhz: 2100, Mhz Limit: 2100
Processor Information for processor 4
  Max Mhz: 2100, Current Mhz: 1813, Mhz Limit: 2100
Processor Information for processor 5
  Max Mhz: 2100, Current Mhz: 2100, Mhz Limit: 2100
Processor Information for processor 6
  Max Mhz: 2100, Current Mhz: 2100, Mhz Limit: 2100
Processor Information for processor 7
  Max Mhz: 2100, Current Mhz: 2100, Mhz Limit: 2100
Processor Information for processor 8
  Max Mhz: 2100, Current Mhz: 2100, Mhz Limit: 2100
Processor Information for processor 9
  Max Mhz: 2100, Current Mhz: 2100, Mhz Limit: 2100
Processor Information for processor 10
  Max Mhz: 2100, Current Mhz: 1813, Mhz Limit: 2100
Processor Information for processor 11
  Max Mhz: 2100, Current Mhz: 2100, Mhz Limit: 2100

Memory: 4k page, system-wide physical 11598M (2028M free)
TotalPageFile size 20464M (AvailPageFile size 10M)
current process WorkingSet (physical memory assigned to process): 113M, peak: 113M
current process commit charge ("private bytes"): 261M, peak: 261M

vm_info: OpenJDK 64-Bit Server VM (21.0.10+7-LTS) for windows-amd64 JRE (21.0.10+7-LTS), built on 2026-01-20T00:00:00Z by "admin" with MS VC++ 17.12 (VS2022)

END.
