#
# There is insufficient memory for the Java Runtime Environment to continue.
# Native memory allocation (malloc) failed to allocate 1048576 bytes. Error detail: AllocateHeap
# Possible reasons:
#   The system is out of physical RAM or swap space
#   This process is running with CompressedOops enabled, and the Java Heap may be blocking the growth of the native heap
# Possible solutions:
#   Reduce memory load on the system
#   Increase physical memory or swap space
#   Check if swap backing store is full
#   Decrease Java heap size (-Xmx/-Xms)
#   Decrease number of Java threads
#   Decrease Java thread stack sizes (-Xss)
#   Set larger code cache with -XX:ReservedCodeCacheSize=
#   JVM is running with Unscaled Compressed Oops mode in which the Java heap is
#     placed in the first 4GB address space. The Java Heap base address is the
#     maximum limit for the native heap growth. Please use -XX:HeapBaseMinAddress
#     to set the Java Heap base and to place the Java Heap above 4GB virtual address.
# This output file may be truncated or incomplete.
#
#  Out of Memory Error (allocation.cpp:44), pid=24724, tid=14448
#
# JRE version:  (21.0.10+7) (build )
# Java VM: OpenJDK 64-Bit Server VM (21.0.10+7-LTS, mixed mode, sharing, tiered, compressed oops, compressed class ptrs, parallel gc, windows-amd64)
# No core dump will be written. Minidumps are not enabled by default on client versions of Windows
#

---------------  S U M M A R Y ------------

Command Line: --add-modules=ALL-SYSTEM --add-opens=java.base/java.util=ALL-UNNAMED --add-opens=java.base/java.lang=ALL-UNNAMED --add-opens=java.base/sun.nio.fs=ALL-UNNAMED -Declipse.application=org.eclipse.jdt.ls.core.id1 -Dosgi.bundles.defaultStartLevel=4 -Declipse.product=org.eclipse.jdt.ls.core.product -Djava.import.generatesMetadataFilesAtProjectRoot=false -DDetectVMInstallationsJob.disabled=true -Dfile.encoding=utf8 -XX:+UseParallelGC -XX:GCTimeRatio=4 -XX:AdaptiveSizePolicyWeight=90 -Dsun.zip.disableMemoryMapping=true -Xmx2G -Xms100m -Xlog:disable -javaagent:c:\Users\Angie\.antigravity\extensions\redhat.java-1.53.0-win32-x64\lombok\lombok-1.18.39-4050.jar c:\Users\Angie\.antigravity\extensions\redhat.java-1.53.0-win32-x64\server\plugins\org.eclipse.equinox.launcher_1.7.100.v20251111-0406.jar -configuration c:\Users\Angie\AppData\Roaming\Antigravity\User\globalStorage\redhat.java\1.53.0\config_ss_win -data c:\Users\Angie\AppData\Roaming\Antigravity\User\workspaceStorage\e1b36e0ec165f8af3e196525ba6cf79d\redhat.java\ss_ws --pipe=\\.\pipe\lsp-f403c14059e59bf4a92072608c3cf287-sock

Host: AMD Ryzen 5 5500U with Radeon Graphics         , 12 cores, 11G,  Windows 11 , 64 bit Build 26100 (10.0.26100.7705)
Time: Fri Mar  6 10:46:48 2026 Hora est. Pac璗ico, Sudam廨ica elapsed time: 0.088767 seconds (0d 0h 0m 0s)

---------------  T H R E A D  ---------------

Current thread (0x0000021da808bf40):  JavaThread "Unknown thread" [_thread_in_vm, id=14448, stack(0x000000cb46000000,0x000000cb46100000) (1024K)]

Stack: [0x000000cb46000000,0x000000cb46100000]
Native frames: (J=compiled Java code, j=interpreted, Vv=VM code, C=native code)
V  [jvm.dll+0x6d7a39]
V  [jvm.dll+0x8b4b26]
V  [jvm.dll+0x8b70de]
V  [jvm.dll+0x8b77c3]
V  [jvm.dll+0x284346]
V  [jvm.dll+0xc1277]
V  [jvm.dll+0x70ba02]
V  [jvm.dll+0x70c73c]
V  [jvm.dll+0x6e65d3]
V  [jvm.dll+0x87f17c]
V  [jvm.dll+0x3c49fc]
V  [jvm.dll+0x867e6b]
V  [jvm.dll+0x457b31]
V  [jvm.dll+0x459721]
C  [jli.dll+0x52d0]
C  [ucrtbase.dll+0x37b0]
C  [KERNEL32.DLL+0x2e8d7]
C  [ntdll.dll+0x8c40c]


---------------  P R O C E S S  ---------------

Threads class SMR info:
_java_thread_list=0x0000021da80fa910, length=1, elements={
0x0000021da808bf40
}

Java Threads: ( => current thread )
=>0x0000021da808bf40 JavaThread "Unknown thread"             [_thread_in_vm, id=14448, stack(0x000000cb46000000,0x000000cb46100000) (1024K)]
Total: 1

Other Threads:
  0x0000021dc08fca00 WatcherThread "VM Periodic Task Thread"        [id=824, stack(0x000000cb46200000,0x000000cb46300000) (1024K)]
  0x0000021da80acd50 WorkerThread "GC Thread#0"                     [id=1620, stack(0x000000cb46100000,0x000000cb46200000) (1024K)]
Total: 2

Threads with active compile tasks:
Total: 0

VM state: not at safepoint (normal execution)

VM Mutex/Monitor currently owned by a thread: None

Heap address: 0x0000000080000000, size: 2048 MB, Compressed Oops mode: 32-bit

CDS archive(s) mapped at: [0x0000021dc1000000-0x0000021dc1ba0000-0x0000021dc1ba0000), size 12189696, SharedBaseAddress: 0x0000021dc1000000, ArchiveRelocationMode: 1.
Compressed class space mapped at: 0x0000021dc2000000-0x0000021e02000000, reserved size: 1073741824
Narrow klass base: 0x0000021dc1000000, Narrow klass shift: 0, Narrow klass range: 0x100000000

GC Precious Log:
 CardTable entry size: 512
 CPUs: 12 total, 12 available
 Memory: 11598M
 Large Page Support: Disabled
 NUMA Support: Disabled
 Compressed Oops: Enabled (32-bit)
 Alignments: Space 512K, Generation 512K, Heap 2M
 Heap Min Capacity: 100M
 Heap Initial Capacity: 100M
 Heap Max Capacity: 2G
 Pre-touch: Disabled
 Parallel Workers: 10

Heap:
 PSYoungGen      total 29696K, used 512K [0x00000000d5580000, 0x00000000d7680000, 0x0000000100000000)
  eden space 25600K, 2% used [0x00000000d5580000,0x00000000d5600020,0x00000000d6e80000)
  from space 4096K, 0% used [0x00000000d7280000,0x00000000d7280000,0x00000000d7680000)
  to   space 4096K, 0% used [0x00000000d6e80000,0x00000000d6e80000,0x00000000d7280000)
 ParOldGen       total 68608K, used 0K [0x0000000080000000, 0x0000000084300000, 0x00000000d5580000)
  object space 68608K, 0% used [0x0000000080000000,0x0000000080000000,0x0000000084300000)
 Metaspace       used 0K, committed 0K, reserved 1048576K
  class space    used 0K, committed 0K, reserved 1048576K

Card table byte_map: [0x0000021dbbd60000,0x0000021dbc170000] _byte_map_base: 0x0000021dbb960000

Marking Bits: (ParMarkBitMap*) 0x00007ff90d883450
 Begin Bits: [0x0000021dbc420000, 0x0000021dbe420000)
 End Bits:   [0x0000021dbe420000, 0x0000021dc0420000)

Polling page: 0x0000021da7fc0000

Metaspace:

Usage:
  Non-class:      0 bytes used.
      Class:      0 bytes used.
       Both:      0 bytes used.

Virtual space:
  Non-class space:        0 bytes reserved,       0 bytes (  ?%) committed,  0 nodes.
      Class space:        1.00 GB reserved,       0 bytes (  0%) committed,  1 nodes.
             Both:        1.00 GB reserved,       0 bytes (  0%) committed. 

Chunk freelists:
   Non-Class:  0 bytes
       Class:  16.00 MB
        Both:  16.00 MB

MaxMetaspaceSize: unlimited
CompressedClassSpaceSize: 1.00 GB
Initial GC threshold: 21.00 MB
Current GC threshold: 17179869184.00 GB
CDS: on
 - commit_granule_bytes: 65536.
 - commit_granule_words: 8192.
 - virtual_space_node_default_size: 8388608.
 - enlarge_chunks_in_place: 1.
 - use_allocation_guard: 0.


Internal statistics:

num_allocs_failed_limit: 0.
num_arena_births: 0.
num_arena_deaths: 0.
num_vsnodes_births: 1.
num_vsnodes_deaths: 0.
num_space_committed: 0.
num_space_uncommitted: 0.
num_chunks_returned_to_freelist: 0.
num_chunks_taken_from_freelist: 1.
num_chunk_merges: 0.
num_chunk_splits: 1.
num_chunks_enlarged: 0.
num_inconsistent_stats: 0.

CodeHeap 'non-profiled nmethods': size=120000Kb used=0Kb max_used=0Kb free=120000Kb
 bounds [0x0000021db4650000, 0x0000021db48c0000, 0x0000021dbbb80000]
CodeHeap 'profiled nmethods': size=120000Kb used=0Kb max_used=0Kb free=120000Kb
 bounds [0x0000021dacb80000, 0x0000021dacdf0000, 0x0000021db40b0000]
CodeHeap 'non-nmethods': size=5760Kb used=194Kb max_used=342Kb free=5565Kb
 bounds [0x0000021db40b0000, 0x0000021db4320000, 0x0000021db4650000]
CodeCache: size=245760Kb, used=194Kb, max_used=342Kb, free=245565Kb
 total_blobs=70, nmethods=0, adapters=48, full_count=0
Compilation: enabled, stopped_count=0, restarted_count=0

Compilation events (0 events):
No events

GC Heap History (0 events):
No events

Dll operation events (1 events):
Event: 0.030 Loaded shared library c:\Users\Angie\.antigravity\extensions\redhat.java-1.53.0-win32-x64\jre\21.0.10-win32-x86_64\bin\java.dll

Deoptimization events (0 events):
No events

Classes loaded (0 events):
No events

Classes unloaded (0 events):
No events

Classes redefined (0 events):
No events

Internal exceptions (0 events):
No events

ZGC Phase Switch (0 events):
No events

VM Operations (0 events):
No events

Memory protections (0 events):
No events

Nmethod flushes (0 events):
No events

Events (1 events):
Event: 0.061 Thread 0x0000021da808bf40 Thread added: 0x0000021da808bf40


Dynamic libraries:
0x00007ff6eb350000 - 0x00007ff6eb35e000 	c:\Users\Angie\.antigravity\extensions\redhat.java-1.53.0-win32-x64\jre\21.0.10-win32-x86_64\bin\java.exe
0x00007ff9bf0a0000 - 0x00007ff9bf308000 	C:\WINDOWS\SYSTEM32\ntdll.dll
0x00007ff9be3a0000 - 0x00007ff9be469000 	C:\WINDOWS\System32\KERNEL32.DLL
0x00007ff9bc810000 - 0x00007ff9bcc01000 	C:\WINDOWS\System32\KERNELBASE.dll
0x00007ff9bbd70000 - 0x00007ff9bbebb000 	C:\WINDOWS\System32\ucrtbase.dll
0x00007ff9a9790000 - 0x00007ff9a97a8000 	c:\Users\Angie\.antigravity\extensions\redhat.java-1.53.0-win32-x64\jre\21.0.10-win32-x86_64\bin\jli.dll
0x00007ff9a7c50000 - 0x00007ff9a7c6e000 	c:\Users\Angie\.antigravity\extensions\redhat.java-1.53.0-win32-x64\jre\21.0.10-win32-x86_64\bin\VCRUNTIME140.dll
0x00007ff9bd6c0000 - 0x00007ff9bd886000 	C:\WINDOWS\System32\USER32.dll
0x00007ff9bc730000 - 0x00007ff9bc757000 	C:\WINDOWS\System32\win32u.dll
0x00007ff9be540000 - 0x00007ff9be56b000 	C:\WINDOWS\System32\GDI32.dll
0x00007ff9a6020000 - 0x00007ff9a62b3000 	C:\WINDOWS\WinSxS\amd64_microsoft.windows.common-controls_6595b64144ccf1df_6.0.26100.7824_none_3e0870b2e3345462\COMCTL32.dll
0x00007ff9bbac0000 - 0x00007ff9bbbeb000 	C:\WINDOWS\System32\gdi32full.dll
0x00007ff9bb980000 - 0x00007ff9bba23000 	C:\WINDOWS\System32\msvcp_win.dll
0x00007ff9bd190000 - 0x00007ff9bd239000 	C:\WINDOWS\System32\msvcrt.dll
0x00007ff9be6b0000 - 0x00007ff9be6e1000 	C:\WINDOWS\System32\IMM32.DLL
0x00007ff9ad2f0000 - 0x00007ff9ad2fc000 	c:\Users\Angie\.antigravity\extensions\redhat.java-1.53.0-win32-x64\jre\21.0.10-win32-x86_64\bin\vcruntime140_1.dll
0x00007ff973f90000 - 0x00007ff97401d000 	c:\Users\Angie\.antigravity\extensions\redhat.java-1.53.0-win32-x64\jre\21.0.10-win32-x86_64\bin\msvcp140.dll
0x00007ff90cbc0000 - 0x00007ff90d961000 	c:\Users\Angie\.antigravity\extensions\redhat.java-1.53.0-win32-x64\jre\21.0.10-win32-x86_64\bin\server\jvm.dll
0x00007ff9be470000 - 0x00007ff9be524000 	C:\WINDOWS\System32\ADVAPI32.dll
0x00007ff9bde60000 - 0x00007ff9bdf06000 	C:\WINDOWS\System32\sechost.dll
0x00007ff9bd240000 - 0x00007ff9bd358000 	C:\WINDOWS\System32\RPCRT4.dll
0x00007ff9bd640000 - 0x00007ff9bd6b4000 	C:\WINDOWS\System32\WS2_32.dll
0x00007ff9bb7e0000 - 0x00007ff9bb83e000 	C:\WINDOWS\SYSTEM32\POWRPROF.dll
0x00007ff9b40f0000 - 0x00007ff9b4125000 	C:\WINDOWS\SYSTEM32\WINMM.dll
0x00007ff9b4130000 - 0x00007ff9b413b000 	C:\WINDOWS\SYSTEM32\VERSION.dll
0x00007ff9bb7c0000 - 0x00007ff9bb7d4000 	C:\WINDOWS\SYSTEM32\UMPDC.dll
0x00007ff9ba720000 - 0x00007ff9ba73b000 	C:\WINDOWS\SYSTEM32\kernel.appcore.dll
0x00007ff9ac780000 - 0x00007ff9ac78a000 	c:\Users\Angie\.antigravity\extensions\redhat.java-1.53.0-win32-x64\jre\21.0.10-win32-x86_64\bin\jimage.dll
0x00007ff9b09d0000 - 0x00007ff9b0c12000 	C:\WINDOWS\SYSTEM32\DBGHELP.DLL
0x00007ff9bdad0000 - 0x00007ff9bde56000 	C:\WINDOWS\System32\combase.dll
0x00007ff9bcf20000 - 0x00007ff9bcff7000 	C:\WINDOWS\System32\OLEAUT32.dll
0x00007ff9a6af0000 - 0x00007ff9a6b2b000 	C:\WINDOWS\SYSTEM32\dbgcore.DLL
0x00007ff9bc760000 - 0x00007ff9bc805000 	C:\WINDOWS\System32\bcryptPrimitives.dll
0x00007ff9aaff0000 - 0x00007ff9aafff000 	c:\Users\Angie\.antigravity\extensions\redhat.java-1.53.0-win32-x64\jre\21.0.10-win32-x86_64\bin\instrument.dll
0x00007ff993040000 - 0x00007ff993060000 	c:\Users\Angie\.antigravity\extensions\redhat.java-1.53.0-win32-x64\jre\21.0.10-win32-x86_64\bin\java.dll

JVMTI agents:
c:\Users\Angie\.antigravity\extensions\redhat.java-1.53.0-win32-x64\lombok\lombok-1.18.39-4050.jar path:none, loaded, not initialized, instrumentlib options:none

dbghelp: loaded successfully - version: 4.0.5 - missing functions: none
symbol engine: initialized successfully - sym options: 0x614 - pdb path: .;c:\Users\Angie\.antigravity\extensions\redhat.java-1.53.0-win32-x64\jre\21.0.10-win32-x86_64\bin;C:\WINDOWS\SYSTEM32;C:\WINDOWS\WinSxS\amd64_microsoft.windows.common-controls_6595b64144ccf1df_6.0.26100.7824_none_3e0870b2e3345462;c:\Users\Angie\.antigravity\extensions\redhat.java-1.53.0-win32-x64\jre\21.0.10-win32-x86_64\bin\server

VM Arguments:
jvm_args: --add-modules=ALL-SYSTEM --add-opens=java.base/java.util=ALL-UNNAMED --add-opens=java.base/java.lang=ALL-UNNAMED --add-opens=java.base/sun.nio.fs=ALL-UNNAMED -Declipse.application=org.eclipse.jdt.ls.core.id1 -Dosgi.bundles.defaultStartLevel=4 -Declipse.product=org.eclipse.jdt.ls.core.product -Djava.import.generatesMetadataFilesAtProjectRoot=false -DDetectVMInstallationsJob.disabled=true -Dfile.encoding=utf8 -XX:+UseParallelGC -XX:GCTimeRatio=4 -XX:AdaptiveSizePolicyWeight=90 -Dsun.zip.disableMemoryMapping=true -Xmx2G -Xms100m -Xlog:disable -javaagent:c:\Users\Angie\.antigravity\extensions\redhat.java-1.53.0-win32-x64\lombok\lombok-1.18.39-4050.jar 
java_command: c:\Users\Angie\.antigravity\extensions\redhat.java-1.53.0-win32-x64\server\plugins\org.eclipse.equinox.launcher_1.7.100.v20251111-0406.jar -configuration c:\Users\Angie\AppData\Roaming\Antigravity\User\globalStorage\redhat.java\1.53.0\config_ss_win -data c:\Users\Angie\AppData\Roaming\Antigravity\User\workspaceStorage\e1b36e0ec165f8af3e196525ba6cf79d\redhat.java\ss_ws --pipe=\\.\pipe\lsp-f403c14059e59bf4a92072608c3cf287-sock
java_class_path (initial): c:\Users\Angie\.antigravity\extensions\redhat.java-1.53.0-win32-x64\server\plugins\org.eclipse.equinox.launcher_1.7.100.v20251111-0406.jar
Launcher Type: SUN_STANDARD

[Global flags]
    uintx AdaptiveSizePolicyWeight                 = 90                                        {product} {command line}
     intx CICompilerCount                          = 4                                         {product} {ergonomic}
    uintx GCTimeRatio                              = 4                                         {product} {command line}
   size_t InitialHeapSize                          = 104857600                                 {product} {command line}
   size_t MaxHeapSize                              = 2147483648                                {product} {command line}
   size_t MaxNewSize                               = 715653120                                 {product} {ergonomic}
   size_t MinHeapDeltaBytes                        = 524288                                    {product} {ergonomic}
   size_t MinHeapSize                              = 104857600                                 {product} {command line}
   size_t NewSize                                  = 34603008                                  {product} {ergonomic}
    uintx NonNMethodCodeHeapSize                   = 5839372                                {pd product} {ergonomic}
    uintx NonProfiledCodeHeapSize                  = 122909434                              {pd product} {ergonomic}
   size_t OldSize                                  = 70254592                                  {product} {ergonomic}
    uintx ProfiledCodeHeapSize                     = 122909434                              {pd product} {ergonomic}
    uintx ReservedCodeCacheSize                    = 251658240                              {pd product} {ergonomic}
     bool SegmentedCodeCache                       = true                                      {product} {ergonomic}
   size_t SoftMaxHeapSize                          = 2147483648                             {manageable} {ergonomic}
     bool UseCompressedOops                        = true                           {product lp64_product} {ergonomic}
     bool UseLargePagesIndividualAllocation        = false                                  {pd product} {ergonomic}
     bool UseParallelGC                            = true                                      {product} {command line}

Logging:
Log output configuration:
 #0: stdout all=off uptime,level,tags foldmultilines=false
 #1: stderr all=off uptime,level,tags foldmultilines=false

Release file:
<release file has not been read>
Environment Variables:
PATH=C:\app\Angie\product\21c\dbhomeXE\bin;C:\Python313\Scripts\;C:\Python313\;C:\Program Files (x86)\Common Files\Oracle\Java\java8path;C:\Program Files (x86)\Common Files\Oracle\Java\javapath;C:\WINDOWS\system32;C:\WINDOWS;C:\WINDOWS\System32\Wbem;C:\WINDOWS\System32\WindowsPowerShell\v1.0\;C:\WINDOWS\System32\OpenSSH\;C:\Program Files\apache-maven-3.9.4\bin;C:\Program Files\Docker\Docker\resources\bin;C:\ProgramData\chocolatey\bin;C:\Program Files (x86)\Microsoft SQL Server\160\Tools\Binn\;C:\Program Files\Microsoft SQL Server\160\Tools\Binn\;C:\Program Files\Microsoft SQL Server\Client SDK\ODBC\170\Tools\Binn\;C:\Program Files\Microsoft SQL Server\160\DTS\Binn\;C:\Program Files\MATLAB\R2025a\bin;C:\Program Files\Git\cmd;C:\Program Files\nodejs\;C:\Program Files\dotnet\;C:\Program Files\Microsoft SQL Server\170\Tools\Binn\;C:\Users\Angie\AppData\Local\Microsoft\WindowsApps;C:\Users\Angie\AppData\Local\Programs\Microsoft VS Code\bin;C:\Users\Angie\AppData\Local\GitHubDesktop\bin;C:\Users\Angie\AppData\Local\JetBrains\Toolbox\scripts;C:\Users\Angie\AppData\Local\Programs\Windsurf\bin;C:\Program Files\MongoDB\Server\8.2\bin;C:\Users\Angie\AppData\Local\Programs\mongosh\;C:\Program Files\MongoDB\Tools\100\bin;C:\Users\Angie\AppData\Roaming\npm;C:\Users\Angie\.dotnet\tools;C:\Users\Angie\AppData\Local\Programs\Antigravity\bin
USERNAME=Angie
OS=Windows_NT
PROCESSOR_IDENTIFIER=AMD64 Family 23 Model 104 Stepping 1, AuthenticAMD
TMP=C:\Users\Angie\AppData\Local\Temp
TEMP=C:\Users\Angie\AppData\Local\Temp




Periodic native trim disabled

---------------  S Y S T E M  ---------------

OS:
 Windows 11 , 64 bit Build 26100 (10.0.26100.7705)
OS uptime: 1 days 3:23 hours
Hyper-V role detected

CPU: total 12 (initial active 12) (12 cores per cpu, 2 threads per core) family 23 model 104 stepping 1 microcode 0x8608104, cx8, cmov, fxsr, ht, mmx, 3dnowpref, sse, sse2, sse3, ssse3, sse4a, sse4.1, sse4.2, popcnt, lzcnt, tsc, tscinvbit, avx, avx2, aes, clmul, bmi1, bmi2, adx, sha, fma, vzeroupper, clflush, clflushopt, hv, rdtscp, rdpid, f16c
Processor Information for the first 12 processors :
  Max Mhz: 2100, Current Mhz: 1893, Mhz Limit: 2100

Memory: 4k page, system-wide physical 11598M (1749M free)
TotalPageFile size 20487M (AvailPageFile size 355M)
current process WorkingSet (physical memory assigned to process): 26M, peak: 26M
current process commit charge ("private bytes"): 212M, peak: 213M

vm_info: OpenJDK 64-Bit Server VM (21.0.10+7-LTS) for windows-amd64 JRE (21.0.10+7-LTS), built on 2026-01-20T00:00:00Z by "admin" with MS VC++ 17.12 (VS2022)

END.
